CPU plot saved to /home/samue/saaoe_project/logs/cpu_usage.png
Memory plot saved to /home/samue/saaoe_project/logs/memory_usage.png
CPU plot saved to /home/samue/saaoe_project/logs/cpu_usage.png
Memory plot saved to /home/samue/saaoe_project/logs/memory_usage.png
CPU plot saved to /home/samue/saaoe_project/logs/cpu_usage.png
Memory plot saved to /home/samue/saaoe_project/logs/memory_usage.png
CPU plot saved to /home/samue/saaoe_project/logs/cpu_usage.png
Memory plot saved to /home/samue/saaoe_project/logs/memory_usage.png
CPU plot saved to /home/samue/saaoe_project/logs/cpu_usage.png
Memory plot saved to /home/samue/saaoe_project/logs/memory_usage.png
CPU plot saved to /home/samue/saaoe_project/logs/cpu_usage.png
Memory plot saved to /home/samue/saaoe_project/logs/memory_usage.png
CPU plot saved to /home/samue/saaoe_project/logs/cpu_usage.png
Memory plot saved to /home/samue/saaoe_project/logs/memory_usage.png
CPU plot saved to /home/samue/saaoe_project/logs/cpu_usage.png
Memory plot saved to /home/samue/saaoe_project/logs/memory_usage.png
CPU plot saved to /home/samue/saaoe_project/logs/cpu_usage.png
Memory plot saved to /home/samue/saaoe_project/logs/memory_usage.png
CPU plot saved to /home/samue/saaoe_project/logs/cpu_usage.png
Memory plot saved to /home/samue/saaoe_project/logs/memory_usage.png
CPU plot saved to /home/samue/saaoe_project/logs/cpu_usage.png
Memory plot saved to /home/samue/saaoe_project/logs/memory_usage.png
CPU plot saved to /home/samue/saaoe_project/logs/cpu_usage.png
Memory plot saved to /home/samue/saaoe_project/logs/memory_usage.png
CPU plot saved to /home/samue/saaoe_project/logs/cpu_usage.png
Memory plot saved to /home/samue/saaoe_project/logs/memory_usage.png
CPU plot saved to /home/samue/saaoe_project/logs/cpu_usage.png
Memory plot saved to /home/samue/saaoe_project/logs/memory_usage.png
CPU plot saved to /home/samue/saaoe_project/logs/cpu_usage.png
Memory plot saved to /home/samue/saaoe_project/logs/memory_usage.png
CPU plot saved to /home/samue/saaoe_project/logs/cpu_usage.png
Memory plot saved to /home/samue/saaoe_project/logs/memory_usage.png
CPU plot saved to /home/samue/saaoe_project/logs/cpu_usage.png
Memory plot saved to /home/samue/saaoe_project/logs/memory_usage.png
CPU plot saved to /home/samue/saaoe_project/logs/cpu_usage.png
Memory plot saved to /home/samue/saaoe_project/logs/memory_usage.png
CPU plot saved to /home/samue/saaoe_project/logs/cpu_usage.png
Memory plot saved to /home/samue/saaoe_project/logs/memory_usage.png
CPU plot saved to /home/samue/saaoe_project/logs/cpu_usage.png
Memory plot saved to /home/samue/saaoe_project/logs/memory_usage.png
CPU plot saved to /home/samue/saaoe_project/logs/cpu_usage.png
Memory plot saved to /home/samue/saaoe_project/logs/memory_usage.png
CPU plot saved to /home/samue/saaoe_project/logs/cpu_usage.png
Memory plot saved to /home/samue/saaoe_project/logs/memory_usage.png
CPU plot saved to /home/samue/saaoe_project/logs/cpu_usage.png
Memory plot saved to /home/samue/saaoe_project/logs/memory_usage.png
CPU plot saved to /home/samue/saaoe_project/logs/cpu_usage.png
Memory plot saved to /home/samue/saaoe_project/logs/memory_usage.png
CPU plot saved to /home/samue/saaoe_project/logs/cpu_usage.png
Memory plot saved to /home/samue/saaoe_project/logs/memory_usage.png
CPU plot saved to /home/samue/saaoe_project/logs/cpu_usage.png
Memory plot saved to /home/samue/saaoe_project/logs/memory_usage.png
CPU plot saved to /home/samue/saaoe_project/logs/cpu_usage.png
Memory plot saved to /home/samue/saaoe_project/logs/memory_usage.png
CPU plot saved to /home/samue/saaoe_project/logs/cpu_usage.png
Memory plot saved to /home/samue/saaoe_project/logs/memory_usage.png
CPU plot saved to /home/samue/saaoe_project/logs/cpu_usage.png
Memory plot saved to /home/samue/saaoe_project/logs/memory_usage.png
CPU plot saved to /home/samue/saaoe_project/logs/cpu_usage.png
Memory plot saved to /home/samue/saaoe_project/logs/memory_usage.png
CPU plot saved to /home/samue/saaoe_project/logs/cpu_usage.png
Memory plot saved to /home/samue/saaoe_project/logs/memory_usage.png
CPU plot saved to /home/samue/saaoe_project/logs/cpu_usage.png
Memory plot saved to /home/samue/saaoe_project/logs/memory_usage.png
CPU plot saved to /home/samue/saaoe_project/logs/cpu_usage.png
Memory plot saved to /home/samue/saaoe_project/logs/memory_usage.png
CPU plot saved to /home/samue/saaoe_project/logs/cpu_usage.png
Memory plot saved to /home/samue/saaoe_project/logs/memory_usage.png
CPU plot saved to /home/samue/saaoe_project/logs/cpu_usage.png
Memory plot saved to /home/samue/saaoe_project/logs/memory_usage.png
CPU plot saved to /home/samue/saaoe_project/logs/cpu_usage.png
Memory plot saved to /home/samue/saaoe_project/logs/memory_usage.png
CPU plot saved to /home/samue/saaoe_project/logs/cpu_usage.png
Memory plot saved to /home/samue/saaoe_project/logs/memory_usage.png
CPU plot saved to /home/samue/saaoe_project/logs/cpu_usage.png
Memory plot saved to /home/samue/saaoe_project/logs/memory_usage.png
CPU plot saved to /home/samue/saaoe_project/logs/cpu_usage.png
Memory plot saved to /home/samue/saaoe_project/logs/memory_usage.png
CPU plot saved to /home/samue/saaoe_project/logs/cpu_usage.png
Memory plot saved to /home/samue/saaoe_project/logs/memory_usage.png
CPU plot saved to /home/samue/saaoe_project/logs/cpu_usage.png
Memory plot saved to /home/samue/saaoe_project/logs/memory_usage.png
CPU plot saved to /home/samue/saaoe_project/logs/cpu_usage.png
Memory plot saved to /home/samue/saaoe_project/logs/memory_usage.png
CPU plot saved to /home/samue/saaoe_project/logs/cpu_usage.png
Memory plot saved to /home/samue/saaoe_project/logs/memory_usage.png
CPU plot saved to /home/samue/saaoe_project/logs/cpu_usage.png
Memory plot saved to /home/samue/saaoe_project/logs/memory_usage.png
CPU plot saved to /home/samue/saaoe_project/logs/cpu_usage.png
Memory plot saved to /home/samue/saaoe_project/logs/memory_usage.png
CPU plot saved to /home/samue/saaoe_project/logs/cpu_usage.png
Memory plot saved to /home/samue/saaoe_project/logs/memory_usage.png
CPU plot saved to /home/samue/saaoe_project/logs/cpu_usage.png
Memory plot saved to /home/samue/saaoe_project/logs/memory_usage.png
CPU plot saved to /home/samue/saaoe_project/logs/cpu_usage.png
Memory plot saved to /home/samue/saaoe_project/logs/memory_usage.png
CPU plot saved to /home/samue/saaoe_project/logs/cpu_usage.png
Memory plot saved to /home/samue/saaoe_project/logs/memory_usage.png
CPU plot saved to /home/samue/saaoe_project/logs/cpu_usage.png
Memory plot saved to /home/samue/saaoe_project/logs/memory_usage.png
CPU plot saved to /home/samue/saaoe_project/logs/cpu_usage.png
Memory plot saved to /home/samue/saaoe_project/logs/memory_usage.png
CPU plot saved to /home/samue/saaoe_project/logs/cpu_usage.png
Memory plot saved to /home/samue/saaoe_project/logs/memory_usage.png
CPU plot saved to /home/samue/saaoe_project/logs/cpu_usage.png
Memory plot saved to /home/samue/saaoe_project/logs/memory_usage.png
CPU plot saved to /home/samue/saaoe_project/logs/cpu_usage.png
Memory plot saved to /home/samue/saaoe_project/logs/memory_usage.png
CPU plot saved to /home/samue/saaoe_project/logs/cpu_usage.png
Memory plot saved to /home/samue/saaoe_project/logs/memory_usage.png
CPU plot saved to /home/samue/saaoe_project/logs/cpu_usage.png
Memory plot saved to /home/samue/saaoe_project/logs/memory_usage.png
CPU plot saved to /home/samue/saaoe_project/logs/cpu_usage.png
Memory plot saved to /home/samue/saaoe_project/logs/memory_usage.png
CPU plot saved to /home/samue/saaoe_project/logs/cpu_usage.png
Memory plot saved to /home/samue/saaoe_project/logs/memory_usage.png
CPU plot saved to /home/samue/saaoe_project/logs/cpu_usage.png
Memory plot saved to /home/samue/saaoe_project/logs/memory_usage.png
CPU plot saved to /home/samue/saaoe_project/logs/cpu_usage.png
Memory plot saved to /home/samue/saaoe_project/logs/memory_usage.png
CPU plot saved to /home/samue/saaoe_project/logs/cpu_usage.png
Memory plot saved to /home/samue/saaoe_project/logs/memory_usage.png
CPU plot saved to /home/samue/saaoe_project/logs/cpu_usage.png
Memory plot saved to /home/samue/saaoe_project/logs/memory_usage.png
CPU plot saved to /home/samue/saaoe_project/logs/cpu_usage.png
Memory plot saved to /home/samue/saaoe_project/logs/memory_usage.png
CPU plot saved to /home/samue/saaoe_project/logs/cpu_usage.png
Memory plot saved to /home/samue/saaoe_project/logs/memory_usage.png
CPU plot saved to /home/samue/saaoe_project/logs/cpu_usage.png
Memory plot saved to /home/samue/saaoe_project/logs/memory_usage.png
CPU plot saved to /home/samue/saaoe_project/logs/cpu_usage.png
Memory plot saved to /home/samue/saaoe_project/logs/memory_usage.png
CPU plot saved to /home/samue/saaoe_project/logs/cpu_usage.png
Memory plot saved to /home/samue/saaoe_project/logs/memory_usage.png
CPU plot saved to /home/samue/saaoe_project/logs/cpu_usage.png
Memory plot saved to /home/samue/saaoe_project/logs/memory_usage.png
CPU plot saved to /home/samue/saaoe_project/logs/cpu_usage.png
Memory plot saved to /home/samue/saaoe_project/logs/memory_usage.png
CPU plot saved to /home/samue/saaoe_project/logs/cpu_usage.png
Memory plot saved to /home/samue/saaoe_project/logs/memory_usage.png
CPU plot saved to /home/samue/saaoe_project/logs/cpu_usage.png
Memory plot saved to /home/samue/saaoe_project/logs/memory_usage.png
CPU plot saved to /home/samue/saaoe_project/logs/cpu_usage.png
Memory plot saved to /home/samue/saaoe_project/logs/memory_usage.png
CPU plot saved to /home/samue/saaoe_project/logs/cpu_usage.png
Memory plot saved to /home/samue/saaoe_project/logs/memory_usage.png
CPU plot saved to /home/samue/saaoe_project/logs/cpu_usage.png
Memory plot saved to /home/samue/saaoe_project/logs/memory_usage.png
CPU plot saved to /home/samue/saaoe_project/logs/cpu_usage.png
Memory plot saved to /home/samue/saaoe_project/logs/memory_usage.png
CPU plot saved to /home/samue/saaoe_project/logs/cpu_usage.png
Memory plot saved to /home/samue/saaoe_project/logs/memory_usage.png
CPU plot saved to /home/samue/saaoe_project/logs/cpu_usage.png
Memory plot saved to /home/samue/saaoe_project/logs/memory_usage.png
CPU plot saved to /home/samue/saaoe_project/logs/cpu_usage.png
Memory plot saved to /home/samue/saaoe_project/logs/memory_usage.png
CPU plot saved to /home/samue/saaoe_project/logs/cpu_usage.png
Memory plot saved to /home/samue/saaoe_project/logs/memory_usage.png
CPU plot saved to /home/samue/saaoe_project/logs/cpu_usage.png
Memory plot saved to /home/samue/saaoe_project/logs/memory_usage.png
CPU plot saved to /home/samue/saaoe_project/logs/cpu_usage.png
Memory plot saved to /home/samue/saaoe_project/logs/memory_usage.png
CPU plot saved to /home/samue/saaoe_project/logs/cpu_usage.png
Memory plot saved to /home/samue/saaoe_project/logs/memory_usage.png
CPU plot saved to /home/samue/saaoe_project/logs/cpu_usage.png
Memory plot saved to /home/samue/saaoe_project/logs/memory_usage.png
CPU plot saved to /home/samue/saaoe_project/logs/cpu_usage.png
Memory plot saved to /home/samue/saaoe_project/logs/memory_usage.png
CPU plot saved to /home/samue/saaoe_project/logs/cpu_usage.png
Memory plot saved to /home/samue/saaoe_project/logs/memory_usage.png
CPU plot saved to /home/samue/saaoe_project/logs/cpu_usage.png
Memory plot saved to /home/samue/saaoe_project/logs/memory_usage.png
CPU plot saved to /home/samue/saaoe_project/logs/cpu_usage.png
Memory plot saved to /home/samue/saaoe_project/logs/memory_usage.png
CPU plot saved to /home/samue/saaoe_project/logs/cpu_usage.png
Memory plot saved to /home/samue/saaoe_project/logs/memory_usage.png
CPU plot saved to /home/samue/saaoe_project/logs/cpu_usage.png
Memory plot saved to /home/samue/saaoe_project/logs/memory_usage.png
CPU plot saved to /home/samue/saaoe_project/logs/cpu_usage.png
Memory plot saved to /home/samue/saaoe_project/logs/memory_usage.png
CPU plot saved to /home/samue/saaoe_project/logs/cpu_usage.png
Memory plot saved to /home/samue/saaoe_project/logs/memory_usage.png
CPU plot saved to /home/samue/saaoe_project/logs/cpu_usage.png
Memory plot saved to /home/samue/saaoe_project/logs/memory_usage.png
CPU plot saved to /home/samue/saaoe_project/logs/cpu_usage.png
Memory plot saved to /home/samue/saaoe_project/logs/memory_usage.png
CPU plot saved to /home/samue/saaoe_project/logs/cpu_usage.png
Memory plot saved to /home/samue/saaoe_project/logs/memory_usage.png
CPU plot saved to /home/samue/saaoe_project/logs/cpu_usage.png
Memory plot saved to /home/samue/saaoe_project/logs/memory_usage.png
CPU plot saved to /home/samue/saaoe_project/logs/cpu_usage.png
Memory plot saved to /home/samue/saaoe_project/logs/memory_usage.png
CPU plot saved to /home/samue/saaoe_project/logs/cpu_usage.png
Memory plot saved to /home/samue/saaoe_project/logs/memory_usage.png
CPU plot saved to /home/samue/saaoe_project/logs/cpu_usage.png
Memory plot saved to /home/samue/saaoe_project/logs/memory_usage.png
CPU plot saved to /home/samue/saaoe_project/logs/cpu_usage.png
Memory plot saved to /home/samue/saaoe_project/logs/memory_usage.png
CPU plot saved to /home/samue/saaoe_project/logs/cpu_usage.png
Memory plot saved to /home/samue/saaoe_project/logs/memory_usage.png
CPU plot saved to /home/samue/saaoe_project/logs/cpu_usage.png
Memory plot saved to /home/samue/saaoe_project/logs/memory_usage.png
CPU plot saved to /home/samue/saaoe_project/logs/cpu_usage.png
Memory plot saved to /home/samue/saaoe_project/logs/memory_usage.png
CPU plot saved to /home/samue/saaoe_project/logs/cpu_usage.png
Memory plot saved to /home/samue/saaoe_project/logs/memory_usage.png
CPU plot saved to /home/samue/saaoe_project/logs/cpu_usage.png
Memory plot saved to /home/samue/saaoe_project/logs/memory_usage.png
CPU plot saved to /home/samue/saaoe_project/logs/cpu_usage.png
Memory plot saved to /home/samue/saaoe_project/logs/memory_usage.png
CPU plot saved to /home/samue/saaoe_project/logs/cpu_usage.png
Memory plot saved to /home/samue/saaoe_project/logs/memory_usage.png
CPU plot saved to /home/samue/saaoe_project/logs/cpu_usage.png
Memory plot saved to /home/samue/saaoe_project/logs/memory_usage.png
CPU plot saved to /home/samue/saaoe_project/logs/cpu_usage.png
Memory plot saved to /home/samue/saaoe_project/logs/memory_usage.png
CPU plot saved to /home/samue/saaoe_project/logs/cpu_usage.png
Memory plot saved to /home/samue/saaoe_project/logs/memory_usage.png
CPU plot saved to /home/samue/saaoe_project/logs/cpu_usage.png
Memory plot saved to /home/samue/saaoe_project/logs/memory_usage.png
CPU plot saved to /home/samue/saaoe_project/logs/cpu_usage.png
Memory plot saved to /home/samue/saaoe_project/logs/memory_usage.png
CPU plot saved to /home/samue/saaoe_project/logs/cpu_usage.png
Memory plot saved to /home/samue/saaoe_project/logs/memory_usage.png
CPU plot saved to /home/samue/saaoe_project/logs/cpu_usage.png
Memory plot saved to /home/samue/saaoe_project/logs/memory_usage.png
CPU plot saved to /home/samue/saaoe_project/logs/cpu_usage.png
Memory plot saved to /home/samue/saaoe_project/logs/memory_usage.png
CPU plot saved to /home/samue/saaoe_project/logs/cpu_usage.png
Memory plot saved to /home/samue/saaoe_project/logs/memory_usage.png
CPU plot saved to /home/samue/saaoe_project/logs/cpu_usage.png
Memory plot saved to /home/samue/saaoe_project/logs/memory_usage.png
CPU plot saved to /home/samue/saaoe_project/logs/cpu_usage.png
Memory plot saved to /home/samue/saaoe_project/logs/memory_usage.png
CPU plot saved to /home/samue/saaoe_project/logs/cpu_usage.png
Memory plot saved to /home/samue/saaoe_project/logs/memory_usage.png
CPU plot saved to /home/samue/saaoe_project/logs/cpu_usage.png
Memory plot saved to /home/samue/saaoe_project/logs/memory_usage.png
CPU plot saved to /home/samue/saaoe_project/logs/cpu_usage.png
Memory plot saved to /home/samue/saaoe_project/logs/memory_usage.png
CPU plot saved to /home/samue/saaoe_project/logs/cpu_usage.png
Memory plot saved to /home/samue/saaoe_project/logs/memory_usage.png
CPU plot saved to /home/samue/saaoe_project/logs/cpu_usage.png
Memory plot saved to /home/samue/saaoe_project/logs/memory_usage.png
CPU plot saved to /home/samue/saaoe_project/logs/cpu_usage.png
Memory plot saved to /home/samue/saaoe_project/logs/memory_usage.png
CPU plot saved to /home/samue/saaoe_project/logs/cpu_usage.png
Memory plot saved to /home/samue/saaoe_project/logs/memory_usage.png
CPU plot saved to /home/samue/saaoe_project/logs/cpu_usage.png
Memory plot saved to /home/samue/saaoe_project/logs/memory_usage.png
CPU plot saved to /home/samue/saaoe_project/logs/cpu_usage.png
Memory plot saved to /home/samue/saaoe_project/logs/memory_usage.png
CPU plot saved to /home/samue/saaoe_project/logs/cpu_usage.png
Memory plot saved to /home/samue/saaoe_project/logs/memory_usage.png
CPU plot saved to /home/samue/saaoe_project/logs/cpu_usage.png
Memory plot saved to /home/samue/saaoe_project/logs/memory_usage.png
CPU plot saved to /home/samue/saaoe_project/logs/cpu_usage.png
Memory plot saved to /home/samue/saaoe_project/logs/memory_usage.png
CPU plot saved to /home/samue/saaoe_project/logs/cpu_usage.png
Memory plot saved to /home/samue/saaoe_project/logs/memory_usage.png
CPU plot saved to /home/samue/saaoe_project/logs/cpu_usage.png
Memory plot saved to /home/samue/saaoe_project/logs/memory_usage.png
CPU plot saved to /home/samue/saaoe_project/logs/cpu_usage.png
Memory plot saved to /home/samue/saaoe_project/logs/memory_usage.png
CPU plot saved to /home/samue/saaoe_project/logs/cpu_usage.png
Memory plot saved to /home/samue/saaoe_project/logs/memory_usage.png
CPU plot saved to /home/samue/saaoe_project/logs/cpu_usage.png
Memory plot saved to /home/samue/saaoe_project/logs/memory_usage.png
CPU plot saved to /home/samue/saaoe_project/logs/cpu_usage.png
Memory plot saved to /home/samue/saaoe_project/logs/memory_usage.png
CPU plot saved to /home/samue/saaoe_project/logs/cpu_usage.png
Memory plot saved to /home/samue/saaoe_project/logs/memory_usage.png
CPU plot saved to /home/samue/saaoe_project/logs/cpu_usage.png
Memory plot saved to /home/samue/saaoe_project/logs/memory_usage.png
CPU plot saved to /home/samue/saaoe_project/logs/cpu_usage.png
Memory plot saved to /home/samue/saaoe_project/logs/memory_usage.png
CPU plot saved to /home/samue/saaoe_project/logs/cpu_usage.png
Memory plot saved to /home/samue/saaoe_project/logs/memory_usage.png
CPU plot saved to /home/samue/saaoe_project/logs/cpu_usage.png
Memory plot saved to /home/samue/saaoe_project/logs/memory_usage.png
CPU plot saved to /home/samue/saaoe_project/logs/cpu_usage.png
Memory plot saved to /home/samue/saaoe_project/logs/memory_usage.png
CPU plot saved to /home/samue/saaoe_project/logs/cpu_usage.png
Memory plot saved to /home/samue/saaoe_project/logs/memory_usage.png
CPU plot saved to /home/samue/saaoe_project/logs/cpu_usage.png
Memory plot saved to /home/samue/saaoe_project/logs/memory_usage.png
CPU plot saved to /home/samue/saaoe_project/logs/cpu_usage.png
Memory plot saved to /home/samue/saaoe_project/logs/memory_usage.png
CPU plot saved to /home/samue/saaoe_project/logs/cpu_usage.png
Memory plot saved to /home/samue/saaoe_project/logs/memory_usage.png
CPU plot saved to /home/samue/saaoe_project/logs/cpu_usage.png
Memory plot saved to /home/samue/saaoe_project/logs/memory_usage.png
CPU plot saved to /home/samue/saaoe_project/logs/cpu_usage.png
Memory plot saved to /home/samue/saaoe_project/logs/memory_usage.png
CPU plot saved to /home/samue/saaoe_project/logs/cpu_usage.png
Memory plot saved to /home/samue/saaoe_project/logs/memory_usage.png
CPU plot saved to /home/samue/saaoe_project/logs/cpu_usage.png
Memory plot saved to /home/samue/saaoe_project/logs/memory_usage.png
CPU plot saved to /home/samue/saaoe_project/logs/cpu_usage.png
Memory plot saved to /home/samue/saaoe_project/logs/memory_usage.png
CPU plot saved to /home/samue/saaoe_project/logs/cpu_usage.png
Memory plot saved to /home/samue/saaoe_project/logs/memory_usage.png
CPU plot saved to /home/samue/saaoe_project/logs/cpu_usage.png
Memory plot saved to /home/samue/saaoe_project/logs/memory_usage.png
CPU plot saved to /home/samue/saaoe_project/logs/cpu_usage.png
Memory plot saved to /home/samue/saaoe_project/logs/memory_usage.png
CPU plot saved to /home/samue/saaoe_project/logs/cpu_usage.png
Memory plot saved to /home/samue/saaoe_project/logs/memory_usage.png
CPU plot saved to /home/samue/saaoe_project/logs/cpu_usage.png
Memory plot saved to /home/samue/saaoe_project/logs/memory_usage.png
CPU plot saved to /home/samue/saaoe_project/logs/cpu_usage.png
Memory plot saved to /home/samue/saaoe_project/logs/memory_usage.png
CPU plot saved to /home/samue/saaoe_project/logs/cpu_usage.png
Memory plot saved to /home/samue/saaoe_project/logs/memory_usage.png
CPU plot saved to /home/samue/saaoe_project/logs/cpu_usage.png
Memory plot saved to /home/samue/saaoe_project/logs/memory_usage.png
CPU plot saved to /home/samue/saaoe_project/logs/cpu_usage.png
Memory plot saved to /home/samue/saaoe_project/logs/memory_usage.png
CPU plot saved to /home/samue/saaoe_project/logs/cpu_usage.png
Memory plot saved to /home/samue/saaoe_project/logs/memory_usage.png
CPU plot saved to /home/samue/saaoe_project/logs/cpu_usage.png
Memory plot saved to /home/samue/saaoe_project/logs/memory_usage.png
CPU plot saved to /home/samue/saaoe_project/logs/cpu_usage.png
Memory plot saved to /home/samue/saaoe_project/logs/memory_usage.png
CPU plot saved to /home/samue/saaoe_project/logs/cpu_usage.png
Memory plot saved to /home/samue/saaoe_project/logs/memory_usage.png
CPU plot saved to /home/samue/saaoe_project/logs/cpu_usage.png
Memory plot saved to /home/samue/saaoe_project/logs/memory_usage.png
CPU plot saved to /home/samue/saaoe_project/logs/cpu_usage.png
Memory plot saved to /home/samue/saaoe_project/logs/memory_usage.png
CPU plot saved to /home/samue/saaoe_project/logs/cpu_usage.png
Memory plot saved to /home/samue/saaoe_project/logs/memory_usage.png
CPU plot saved to /home/samue/saaoe_project/logs/cpu_usage.png
Memory plot saved to /home/samue/saaoe_project/logs/memory_usage.png
CPU plot saved to /home/samue/saaoe_project/logs/cpu_usage.png
Memory plot saved to /home/samue/saaoe_project/logs/memory_usage.png
CPU plot saved to /home/samue/saaoe_project/logs/cpu_usage.png
Memory plot saved to /home/samue/saaoe_project/logs/memory_usage.png
CPU plot saved to /home/samue/saaoe_project/logs/cpu_usage.png
Memory plot saved to /home/samue/saaoe_project/logs/memory_usage.png
CPU plot saved to /home/samue/saaoe_project/logs/cpu_usage.png
Memory plot saved to /home/samue/saaoe_project/logs/memory_usage.png
CPU plot saved to /home/samue/saaoe_project/logs/cpu_usage.png
Memory plot saved to /home/samue/saaoe_project/logs/memory_usage.png
CPU plot saved to /home/samue/saaoe_project/logs/cpu_usage.png
Memory plot saved to /home/samue/saaoe_project/logs/memory_usage.png
CPU plot saved to /home/samue/saaoe_project/logs/cpu_usage.png
Memory plot saved to /home/samue/saaoe_project/logs/memory_usage.png
CPU plot saved to /home/samue/saaoe_project/logs/cpu_usage.png
Memory plot saved to /home/samue/saaoe_project/logs/memory_usage.png
CPU plot saved to /home/samue/saaoe_project/logs/cpu_usage.png
Memory plot saved to /home/samue/saaoe_project/logs/memory_usage.png
CPU plot saved to /home/samue/saaoe_project/logs/cpu_usage.png
Memory plot saved to /home/samue/saaoe_project/logs/memory_usage.png
CPU plot saved to /home/samue/saaoe_project/logs/cpu_usage.png
Memory plot saved to /home/samue/saaoe_project/logs/memory_usage.png
CPU plot saved to /home/samue/saaoe_project/logs/cpu_usage.png
Memory plot saved to /home/samue/saaoe_project/logs/memory_usage.png
CPU plot saved to /home/samue/saaoe_project/logs/cpu_usage.png
Memory plot saved to /home/samue/saaoe_project/logs/memory_usage.png
CPU plot saved to /home/samue/saaoe_project/logs/cpu_usage.png
Memory plot saved to /home/samue/saaoe_project/logs/memory_usage.png
CPU plot saved to /home/samue/saaoe_project/logs/cpu_usage.png
Memory plot saved to /home/samue/saaoe_project/logs/memory_usage.png
CPU plot saved to /home/samue/saaoe_project/logs/cpu_usage.png
Memory plot saved to /home/samue/saaoe_project/logs/memory_usage.png
CPU plot saved to /home/samue/saaoe_project/logs/cpu_usage.png
Memory plot saved to /home/samue/saaoe_project/logs/memory_usage.png
CPU plot saved to /home/samue/saaoe_project/logs/cpu_usage.png
Memory plot saved to /home/samue/saaoe_project/logs/memory_usage.png
CPU plot saved to /home/samue/saaoe_project/logs/cpu_usage.png
Memory plot saved to /home/samue/saaoe_project/logs/memory_usage.png
CPU plot saved to /home/samue/saaoe_project/logs/cpu_usage.png
Memory plot saved to /home/samue/saaoe_project/logs/memory_usage.png
CPU plot saved to /home/samue/saaoe_project/logs/cpu_usage.png
Memory plot saved to /home/samue/saaoe_project/logs/memory_usage.png
CPU plot saved to /home/samue/saaoe_project/logs/cpu_usage.png
Memory plot saved to /home/samue/saaoe_project/logs/memory_usage.png
CPU plot saved to /home/samue/saaoe_project/logs/cpu_usage.png
Memory plot saved to /home/samue/saaoe_project/logs/memory_usage.png
CPU plot saved to /home/samue/saaoe_project/logs/cpu_usage.png
Memory plot saved to /home/samue/saaoe_project/logs/memory_usage.png
CPU plot saved to /home/samue/saaoe_project/logs/cpu_usage.png
Memory plot saved to /home/samue/saaoe_project/logs/memory_usage.png
CPU plot saved to /home/samue/saaoe_project/logs/cpu_usage.png
Memory plot saved to /home/samue/saaoe_project/logs/memory_usage.png
CPU plot saved to /home/samue/saaoe_project/logs/cpu_usage.png
Memory plot saved to /home/samue/saaoe_project/logs/memory_usage.png
CPU plot saved to /home/samue/saaoe_project/logs/cpu_usage.png
Memory plot saved to /home/samue/saaoe_project/logs/memory_usage.png
CPU plot saved to /home/samue/saaoe_project/logs/cpu_usage.png
Memory plot saved to /home/samue/saaoe_project/logs/memory_usage.png
CPU plot saved to /home/samue/saaoe_project/logs/cpu_usage.png
Memory plot saved to /home/samue/saaoe_project/logs/memory_usage.png
CPU plot saved to /home/samue/saaoe_project/logs/cpu_usage.png
Memory plot saved to /home/samue/saaoe_project/logs/memory_usage.png
CPU plot saved to /home/samue/saaoe_project/logs/cpu_usage.png
Memory plot saved to /home/samue/saaoe_project/logs/memory_usage.png
CPU plot saved to /home/samue/saaoe_project/logs/cpu_usage.png
Memory plot saved to /home/samue/saaoe_project/logs/memory_usage.png
CPU plot saved to /home/samue/saaoe_project/logs/cpu_usage.png
Memory plot saved to /home/samue/saaoe_project/logs/memory_usage.png
CPU plot saved to /home/samue/saaoe_project/logs/cpu_usage.png
Memory plot saved to /home/samue/saaoe_project/logs/memory_usage.png
CPU plot saved to /home/samue/saaoe_project/logs/cpu_usage.png
Memory plot saved to /home/samue/saaoe_project/logs/memory_usage.png
CPU plot saved to /home/samue/saaoe_project/logs/cpu_usage.png
Memory plot saved to /home/samue/saaoe_project/logs/memory_usage.png
CPU plot saved to /home/samue/saaoe_project/logs/cpu_usage.png
Memory plot saved to /home/samue/saaoe_project/logs/memory_usage.png
CPU plot saved to /home/samue/saaoe_project/logs/cpu_usage.png
Memory plot saved to /home/samue/saaoe_project/logs/memory_usage.png
Traceback (most recent call last):
  File "/home/samue/saaoe_project/venv/lib/python3.12/site-packages/pandas/core/indexes/base.py", line 3812, in get_loc
    return self._engine.get_loc(casted_key)
           ^^^^^^^^^^^^^^^^^^^^^^^^^^^^^^^^
  File "pandas/_libs/index.pyx", line 167, in pandas._libs.index.IndexEngine.get_loc
  File "pandas/_libs/index.pyx", line 196, in pandas._libs.index.IndexEngine.get_loc
  File "pandas/_libs/hashtable_class_helper.pxi", line 7088, in pandas._libs.hashtable.PyObjectHashTable.get_item
  File "pandas/_libs/hashtable_class_helper.pxi", line 7096, in pandas._libs.hashtable.PyObjectHashTable.get_item
KeyError: 'disk_read_bytes'

The above exception was the direct cause of the following exception:

Traceback (most recent call last):
  File "/home/samue/saaoe_project/src/visualize_logs.py", line 33, in <module>
    plt.plot(df["timestamp"], df["disk_read_bytes"],  label="Read Bytes")
                              ~~^^^^^^^^^^^^^^^^^^^
  File "/home/samue/saaoe_project/venv/lib/python3.12/site-packages/pandas/core/frame.py", line 4107, in __getitem__
    indexer = self.columns.get_loc(key)
              ^^^^^^^^^^^^^^^^^^^^^^^^^
  File "/home/samue/saaoe_project/venv/lib/python3.12/site-packages/pandas/core/indexes/base.py", line 3819, in get_loc
    raise KeyError(key) from err
KeyError: 'disk_read_bytes'
Traceback (most recent call last):
  File "/home/samue/saaoe_project/venv/lib/python3.12/site-packages/pandas/core/indexes/base.py", line 3812, in get_loc
    return self._engine.get_loc(casted_key)
           ^^^^^^^^^^^^^^^^^^^^^^^^^^^^^^^^
  File "pandas/_libs/index.pyx", line 167, in pandas._libs.index.IndexEngine.get_loc
  File "pandas/_libs/index.pyx", line 196, in pandas._libs.index.IndexEngine.get_loc
  File "pandas/_libs/hashtable_class_helper.pxi", line 7088, in pandas._libs.hashtable.PyObjectHashTable.get_item
  File "pandas/_libs/hashtable_class_helper.pxi", line 7096, in pandas._libs.hashtable.PyObjectHashTable.get_item
KeyError: 'disk_read_bytes'

The above exception was the direct cause of the following exception:

Traceback (most recent call last):
  File "/home/samue/saaoe_project/src/visualize_logs.py", line 33, in <module>
    plt.plot(df["timestamp"], df["disk_read_bytes"],  label="Read Bytes")
                              ~~^^^^^^^^^^^^^^^^^^^
  File "/home/samue/saaoe_project/venv/lib/python3.12/site-packages/pandas/core/frame.py", line 4107, in __getitem__
    indexer = self.columns.get_loc(key)
              ^^^^^^^^^^^^^^^^^^^^^^^^^
  File "/home/samue/saaoe_project/venv/lib/python3.12/site-packages/pandas/core/indexes/base.py", line 3819, in get_loc
    raise KeyError(key) from err
KeyError: 'disk_read_bytes'
Traceback (most recent call last):
  File "/home/samue/saaoe_project/venv/lib/python3.12/site-packages/pandas/core/indexes/base.py", line 3812, in get_loc
    return self._engine.get_loc(casted_key)
           ^^^^^^^^^^^^^^^^^^^^^^^^^^^^^^^^
  File "pandas/_libs/index.pyx", line 167, in pandas._libs.index.IndexEngine.get_loc
  File "pandas/_libs/index.pyx", line 196, in pandas._libs.index.IndexEngine.get_loc
  File "pandas/_libs/hashtable_class_helper.pxi", line 7088, in pandas._libs.hashtable.PyObjectHashTable.get_item
  File "pandas/_libs/hashtable_class_helper.pxi", line 7096, in pandas._libs.hashtable.PyObjectHashTable.get_item
KeyError: 'disk_read_bytes'

The above exception was the direct cause of the following exception:

Traceback (most recent call last):
  File "/home/samue/saaoe_project/src/visualize_logs.py", line 33, in <module>
    plt.plot(df["timestamp"], df["disk_read_bytes"],  label="Read Bytes")
                              ~~^^^^^^^^^^^^^^^^^^^
  File "/home/samue/saaoe_project/venv/lib/python3.12/site-packages/pandas/core/frame.py", line 4107, in __getitem__
    indexer = self.columns.get_loc(key)
              ^^^^^^^^^^^^^^^^^^^^^^^^^
  File "/home/samue/saaoe_project/venv/lib/python3.12/site-packages/pandas/core/indexes/base.py", line 3819, in get_loc
    raise KeyError(key) from err
KeyError: 'disk_read_bytes'
Traceback (most recent call last):
  File "/home/samue/saaoe_project/venv/lib/python3.12/site-packages/pandas/core/indexes/base.py", line 3812, in get_loc
    return self._engine.get_loc(casted_key)
           ^^^^^^^^^^^^^^^^^^^^^^^^^^^^^^^^
  File "pandas/_libs/index.pyx", line 167, in pandas._libs.index.IndexEngine.get_loc
  File "pandas/_libs/index.pyx", line 196, in pandas._libs.index.IndexEngine.get_loc
  File "pandas/_libs/hashtable_class_helper.pxi", line 7088, in pandas._libs.hashtable.PyObjectHashTable.get_item
  File "pandas/_libs/hashtable_class_helper.pxi", line 7096, in pandas._libs.hashtable.PyObjectHashTable.get_item
KeyError: 'disk_read_bytes'

The above exception was the direct cause of the following exception:

Traceback (most recent call last):
  File "/home/samue/saaoe_project/src/visualize_logs.py", line 33, in <module>
    plt.plot(df["timestamp"], df["disk_read_bytes"],  label="Read Bytes")
                              ~~^^^^^^^^^^^^^^^^^^^
  File "/home/samue/saaoe_project/venv/lib/python3.12/site-packages/pandas/core/frame.py", line 4107, in __getitem__
    indexer = self.columns.get_loc(key)
              ^^^^^^^^^^^^^^^^^^^^^^^^^
  File "/home/samue/saaoe_project/venv/lib/python3.12/site-packages/pandas/core/indexes/base.py", line 3819, in get_loc
    raise KeyError(key) from err
KeyError: 'disk_read_bytes'
Traceback (most recent call last):
  File "/home/samue/saaoe_project/venv/lib/python3.12/site-packages/pandas/core/indexes/base.py", line 3812, in get_loc
    return self._engine.get_loc(casted_key)
           ^^^^^^^^^^^^^^^^^^^^^^^^^^^^^^^^
  File "pandas/_libs/index.pyx", line 167, in pandas._libs.index.IndexEngine.get_loc
  File "pandas/_libs/index.pyx", line 196, in pandas._libs.index.IndexEngine.get_loc
  File "pandas/_libs/hashtable_class_helper.pxi", line 7088, in pandas._libs.hashtable.PyObjectHashTable.get_item
  File "pandas/_libs/hashtable_class_helper.pxi", line 7096, in pandas._libs.hashtable.PyObjectHashTable.get_item
KeyError: 'disk_read_bytes'

The above exception was the direct cause of the following exception:

Traceback (most recent call last):
  File "/home/samue/saaoe_project/src/visualize_logs.py", line 33, in <module>
    plt.plot(df["timestamp"], df["disk_read_bytes"],  label="Read Bytes")
                              ~~^^^^^^^^^^^^^^^^^^^
  File "/home/samue/saaoe_project/venv/lib/python3.12/site-packages/pandas/core/frame.py", line 4107, in __getitem__
    indexer = self.columns.get_loc(key)
              ^^^^^^^^^^^^^^^^^^^^^^^^^
  File "/home/samue/saaoe_project/venv/lib/python3.12/site-packages/pandas/core/indexes/base.py", line 3819, in get_loc
    raise KeyError(key) from err
KeyError: 'disk_read_bytes'
Traceback (most recent call last):
  File "/home/samue/saaoe_project/venv/lib/python3.12/site-packages/pandas/core/indexes/base.py", line 3812, in get_loc
    return self._engine.get_loc(casted_key)
           ^^^^^^^^^^^^^^^^^^^^^^^^^^^^^^^^
  File "pandas/_libs/index.pyx", line 167, in pandas._libs.index.IndexEngine.get_loc
  File "pandas/_libs/index.pyx", line 196, in pandas._libs.index.IndexEngine.get_loc
  File "pandas/_libs/hashtable_class_helper.pxi", line 7088, in pandas._libs.hashtable.PyObjectHashTable.get_item
  File "pandas/_libs/hashtable_class_helper.pxi", line 7096, in pandas._libs.hashtable.PyObjectHashTable.get_item
KeyError: 'disk_read_bytes'

The above exception was the direct cause of the following exception:

Traceback (most recent call last):
  File "/home/samue/saaoe_project/src/visualize_logs.py", line 33, in <module>
    plt.plot(df["timestamp"], df["disk_read_bytes"],  label="Read Bytes")
                              ~~^^^^^^^^^^^^^^^^^^^
  File "/home/samue/saaoe_project/venv/lib/python3.12/site-packages/pandas/core/frame.py", line 4107, in __getitem__
    indexer = self.columns.get_loc(key)
              ^^^^^^^^^^^^^^^^^^^^^^^^^
  File "/home/samue/saaoe_project/venv/lib/python3.12/site-packages/pandas/core/indexes/base.py", line 3819, in get_loc
    raise KeyError(key) from err
KeyError: 'disk_read_bytes'
Traceback (most recent call last):
  File "/home/samue/saaoe_project/venv/lib/python3.12/site-packages/pandas/core/indexes/base.py", line 3812, in get_loc
    return self._engine.get_loc(casted_key)
           ^^^^^^^^^^^^^^^^^^^^^^^^^^^^^^^^
  File "pandas/_libs/index.pyx", line 167, in pandas._libs.index.IndexEngine.get_loc
  File "pandas/_libs/index.pyx", line 196, in pandas._libs.index.IndexEngine.get_loc
  File "pandas/_libs/hashtable_class_helper.pxi", line 7088, in pandas._libs.hashtable.PyObjectHashTable.get_item
  File "pandas/_libs/hashtable_class_helper.pxi", line 7096, in pandas._libs.hashtable.PyObjectHashTable.get_item
KeyError: 'disk_read_bytes'

The above exception was the direct cause of the following exception:

Traceback (most recent call last):
  File "/home/samue/saaoe_project/src/visualize_logs.py", line 33, in <module>
    plt.plot(df["timestamp"], df["disk_read_bytes"],  label="Read Bytes")
                              ~~^^^^^^^^^^^^^^^^^^^
  File "/home/samue/saaoe_project/venv/lib/python3.12/site-packages/pandas/core/frame.py", line 4107, in __getitem__
    indexer = self.columns.get_loc(key)
              ^^^^^^^^^^^^^^^^^^^^^^^^^
  File "/home/samue/saaoe_project/venv/lib/python3.12/site-packages/pandas/core/indexes/base.py", line 3819, in get_loc
    raise KeyError(key) from err
KeyError: 'disk_read_bytes'
Traceback (most recent call last):
  File "/home/samue/saaoe_project/venv/lib/python3.12/site-packages/pandas/core/indexes/base.py", line 3812, in get_loc
    return self._engine.get_loc(casted_key)
           ^^^^^^^^^^^^^^^^^^^^^^^^^^^^^^^^
  File "pandas/_libs/index.pyx", line 167, in pandas._libs.index.IndexEngine.get_loc
  File "pandas/_libs/index.pyx", line 196, in pandas._libs.index.IndexEngine.get_loc
  File "pandas/_libs/hashtable_class_helper.pxi", line 7088, in pandas._libs.hashtable.PyObjectHashTable.get_item
  File "pandas/_libs/hashtable_class_helper.pxi", line 7096, in pandas._libs.hashtable.PyObjectHashTable.get_item
KeyError: 'disk_read_bytes'

The above exception was the direct cause of the following exception:

Traceback (most recent call last):
  File "/home/samue/saaoe_project/src/visualize_logs.py", line 33, in <module>
    plt.plot(df["timestamp"], df["disk_read_bytes"],  label="Read Bytes")
                              ~~^^^^^^^^^^^^^^^^^^^
  File "/home/samue/saaoe_project/venv/lib/python3.12/site-packages/pandas/core/frame.py", line 4107, in __getitem__
    indexer = self.columns.get_loc(key)
              ^^^^^^^^^^^^^^^^^^^^^^^^^
  File "/home/samue/saaoe_project/venv/lib/python3.12/site-packages/pandas/core/indexes/base.py", line 3819, in get_loc
    raise KeyError(key) from err
KeyError: 'disk_read_bytes'
Traceback (most recent call last):
  File "/home/samue/saaoe_project/venv/lib/python3.12/site-packages/pandas/core/indexes/base.py", line 3812, in get_loc
    return self._engine.get_loc(casted_key)
           ^^^^^^^^^^^^^^^^^^^^^^^^^^^^^^^^
  File "pandas/_libs/index.pyx", line 167, in pandas._libs.index.IndexEngine.get_loc
  File "pandas/_libs/index.pyx", line 196, in pandas._libs.index.IndexEngine.get_loc
  File "pandas/_libs/hashtable_class_helper.pxi", line 7088, in pandas._libs.hashtable.PyObjectHashTable.get_item
  File "pandas/_libs/hashtable_class_helper.pxi", line 7096, in pandas._libs.hashtable.PyObjectHashTable.get_item
KeyError: 'disk_read_bytes'

The above exception was the direct cause of the following exception:

Traceback (most recent call last):
  File "/home/samue/saaoe_project/src/visualize_logs.py", line 33, in <module>
    plt.plot(df["timestamp"], df["disk_read_bytes"],  label="Read Bytes")
                              ~~^^^^^^^^^^^^^^^^^^^
  File "/home/samue/saaoe_project/venv/lib/python3.12/site-packages/pandas/core/frame.py", line 4107, in __getitem__
    indexer = self.columns.get_loc(key)
              ^^^^^^^^^^^^^^^^^^^^^^^^^
  File "/home/samue/saaoe_project/venv/lib/python3.12/site-packages/pandas/core/indexes/base.py", line 3819, in get_loc
    raise KeyError(key) from err
KeyError: 'disk_read_bytes'
Traceback (most recent call last):
  File "/home/samue/saaoe_project/venv/lib/python3.12/site-packages/pandas/core/indexes/base.py", line 3812, in get_loc
    return self._engine.get_loc(casted_key)
           ^^^^^^^^^^^^^^^^^^^^^^^^^^^^^^^^
  File "pandas/_libs/index.pyx", line 167, in pandas._libs.index.IndexEngine.get_loc
  File "pandas/_libs/index.pyx", line 196, in pandas._libs.index.IndexEngine.get_loc
  File "pandas/_libs/hashtable_class_helper.pxi", line 7088, in pandas._libs.hashtable.PyObjectHashTable.get_item
  File "pandas/_libs/hashtable_class_helper.pxi", line 7096, in pandas._libs.hashtable.PyObjectHashTable.get_item
KeyError: 'disk_read_bytes'

The above exception was the direct cause of the following exception:

Traceback (most recent call last):
  File "/home/samue/saaoe_project/src/visualize_logs.py", line 33, in <module>
    plt.plot(df["timestamp"], df["disk_read_bytes"],  label="Read Bytes")
                              ~~^^^^^^^^^^^^^^^^^^^
  File "/home/samue/saaoe_project/venv/lib/python3.12/site-packages/pandas/core/frame.py", line 4107, in __getitem__
    indexer = self.columns.get_loc(key)
              ^^^^^^^^^^^^^^^^^^^^^^^^^
  File "/home/samue/saaoe_project/venv/lib/python3.12/site-packages/pandas/core/indexes/base.py", line 3819, in get_loc
    raise KeyError(key) from err
KeyError: 'disk_read_bytes'
Traceback (most recent call last):
  File "/home/samue/saaoe_project/venv/lib/python3.12/site-packages/pandas/core/indexes/base.py", line 3812, in get_loc
    return self._engine.get_loc(casted_key)
           ^^^^^^^^^^^^^^^^^^^^^^^^^^^^^^^^
  File "pandas/_libs/index.pyx", line 167, in pandas._libs.index.IndexEngine.get_loc
  File "pandas/_libs/index.pyx", line 196, in pandas._libs.index.IndexEngine.get_loc
  File "pandas/_libs/hashtable_class_helper.pxi", line 7088, in pandas._libs.hashtable.PyObjectHashTable.get_item
  File "pandas/_libs/hashtable_class_helper.pxi", line 7096, in pandas._libs.hashtable.PyObjectHashTable.get_item
KeyError: 'disk_read_bytes'

The above exception was the direct cause of the following exception:

Traceback (most recent call last):
  File "/home/samue/saaoe_project/src/visualize_logs.py", line 33, in <module>
    plt.plot(df["timestamp"], df["disk_read_bytes"],  label="Read Bytes")
                              ~~^^^^^^^^^^^^^^^^^^^
  File "/home/samue/saaoe_project/venv/lib/python3.12/site-packages/pandas/core/frame.py", line 4107, in __getitem__
    indexer = self.columns.get_loc(key)
              ^^^^^^^^^^^^^^^^^^^^^^^^^
  File "/home/samue/saaoe_project/venv/lib/python3.12/site-packages/pandas/core/indexes/base.py", line 3819, in get_loc
    raise KeyError(key) from err
KeyError: 'disk_read_bytes'
Traceback (most recent call last):
  File "/home/samue/saaoe_project/venv/lib/python3.12/site-packages/pandas/core/indexes/base.py", line 3812, in get_loc
    return self._engine.get_loc(casted_key)
           ^^^^^^^^^^^^^^^^^^^^^^^^^^^^^^^^
  File "pandas/_libs/index.pyx", line 167, in pandas._libs.index.IndexEngine.get_loc
  File "pandas/_libs/index.pyx", line 196, in pandas._libs.index.IndexEngine.get_loc
  File "pandas/_libs/hashtable_class_helper.pxi", line 7088, in pandas._libs.hashtable.PyObjectHashTable.get_item
  File "pandas/_libs/hashtable_class_helper.pxi", line 7096, in pandas._libs.hashtable.PyObjectHashTable.get_item
KeyError: 'disk_read_bytes'

The above exception was the direct cause of the following exception:

Traceback (most recent call last):
  File "/home/samue/saaoe_project/src/visualize_logs.py", line 33, in <module>
    plt.plot(df["timestamp"], df["disk_read_bytes"],  label="Read Bytes")
                              ~~^^^^^^^^^^^^^^^^^^^
  File "/home/samue/saaoe_project/venv/lib/python3.12/site-packages/pandas/core/frame.py", line 4107, in __getitem__
    indexer = self.columns.get_loc(key)
              ^^^^^^^^^^^^^^^^^^^^^^^^^
  File "/home/samue/saaoe_project/venv/lib/python3.12/site-packages/pandas/core/indexes/base.py", line 3819, in get_loc
    raise KeyError(key) from err
KeyError: 'disk_read_bytes'
Traceback (most recent call last):
  File "/home/samue/saaoe_project/venv/lib/python3.12/site-packages/pandas/core/indexes/base.py", line 3812, in get_loc
    return self._engine.get_loc(casted_key)
           ^^^^^^^^^^^^^^^^^^^^^^^^^^^^^^^^
  File "pandas/_libs/index.pyx", line 167, in pandas._libs.index.IndexEngine.get_loc
  File "pandas/_libs/index.pyx", line 196, in pandas._libs.index.IndexEngine.get_loc
  File "pandas/_libs/hashtable_class_helper.pxi", line 7088, in pandas._libs.hashtable.PyObjectHashTable.get_item
  File "pandas/_libs/hashtable_class_helper.pxi", line 7096, in pandas._libs.hashtable.PyObjectHashTable.get_item
KeyError: 'disk_read_bytes'

The above exception was the direct cause of the following exception:

Traceback (most recent call last):
  File "/home/samue/saaoe_project/src/visualize_logs.py", line 33, in <module>
    plt.plot(df["timestamp"], df["disk_read_bytes"],  label="Read Bytes")
                              ~~^^^^^^^^^^^^^^^^^^^
  File "/home/samue/saaoe_project/venv/lib/python3.12/site-packages/pandas/core/frame.py", line 4107, in __getitem__
    indexer = self.columns.get_loc(key)
              ^^^^^^^^^^^^^^^^^^^^^^^^^
  File "/home/samue/saaoe_project/venv/lib/python3.12/site-packages/pandas/core/indexes/base.py", line 3819, in get_loc
    raise KeyError(key) from err
KeyError: 'disk_read_bytes'
Traceback (most recent call last):
  File "/home/samue/saaoe_project/venv/lib/python3.12/site-packages/pandas/core/indexes/base.py", line 3812, in get_loc
    return self._engine.get_loc(casted_key)
           ^^^^^^^^^^^^^^^^^^^^^^^^^^^^^^^^
  File "pandas/_libs/index.pyx", line 167, in pandas._libs.index.IndexEngine.get_loc
  File "pandas/_libs/index.pyx", line 196, in pandas._libs.index.IndexEngine.get_loc
  File "pandas/_libs/hashtable_class_helper.pxi", line 7088, in pandas._libs.hashtable.PyObjectHashTable.get_item
  File "pandas/_libs/hashtable_class_helper.pxi", line 7096, in pandas._libs.hashtable.PyObjectHashTable.get_item
KeyError: 'disk_read_bytes'

The above exception was the direct cause of the following exception:

Traceback (most recent call last):
  File "/home/samue/saaoe_project/src/visualize_logs.py", line 33, in <module>
    plt.plot(df["timestamp"], df["disk_read_bytes"],  label="Read Bytes")
                              ~~^^^^^^^^^^^^^^^^^^^
  File "/home/samue/saaoe_project/venv/lib/python3.12/site-packages/pandas/core/frame.py", line 4107, in __getitem__
    indexer = self.columns.get_loc(key)
              ^^^^^^^^^^^^^^^^^^^^^^^^^
  File "/home/samue/saaoe_project/venv/lib/python3.12/site-packages/pandas/core/indexes/base.py", line 3819, in get_loc
    raise KeyError(key) from err
KeyError: 'disk_read_bytes'
Traceback (most recent call last):
  File "/home/samue/saaoe_project/venv/lib/python3.12/site-packages/pandas/core/indexes/base.py", line 3812, in get_loc
    return self._engine.get_loc(casted_key)
           ^^^^^^^^^^^^^^^^^^^^^^^^^^^^^^^^
  File "pandas/_libs/index.pyx", line 167, in pandas._libs.index.IndexEngine.get_loc
  File "pandas/_libs/index.pyx", line 196, in pandas._libs.index.IndexEngine.get_loc
  File "pandas/_libs/hashtable_class_helper.pxi", line 7088, in pandas._libs.hashtable.PyObjectHashTable.get_item
  File "pandas/_libs/hashtable_class_helper.pxi", line 7096, in pandas._libs.hashtable.PyObjectHashTable.get_item
KeyError: 'disk_read_bytes'

The above exception was the direct cause of the following exception:

Traceback (most recent call last):
  File "/home/samue/saaoe_project/src/visualize_logs.py", line 33, in <module>
    plt.plot(df["timestamp"], df["disk_read_bytes"],  label="Read Bytes")
                              ~~^^^^^^^^^^^^^^^^^^^
  File "/home/samue/saaoe_project/venv/lib/python3.12/site-packages/pandas/core/frame.py", line 4107, in __getitem__
    indexer = self.columns.get_loc(key)
              ^^^^^^^^^^^^^^^^^^^^^^^^^
  File "/home/samue/saaoe_project/venv/lib/python3.12/site-packages/pandas/core/indexes/base.py", line 3819, in get_loc
    raise KeyError(key) from err
KeyError: 'disk_read_bytes'
Traceback (most recent call last):
  File "/home/samue/saaoe_project/venv/lib/python3.12/site-packages/pandas/core/indexes/base.py", line 3812, in get_loc
    return self._engine.get_loc(casted_key)
           ^^^^^^^^^^^^^^^^^^^^^^^^^^^^^^^^
  File "pandas/_libs/index.pyx", line 167, in pandas._libs.index.IndexEngine.get_loc
  File "pandas/_libs/index.pyx", line 196, in pandas._libs.index.IndexEngine.get_loc
  File "pandas/_libs/hashtable_class_helper.pxi", line 7088, in pandas._libs.hashtable.PyObjectHashTable.get_item
  File "pandas/_libs/hashtable_class_helper.pxi", line 7096, in pandas._libs.hashtable.PyObjectHashTable.get_item
KeyError: 'disk_read_bytes'

The above exception was the direct cause of the following exception:

Traceback (most recent call last):
  File "/home/samue/saaoe_project/src/visualize_logs.py", line 33, in <module>
    plt.plot(df["timestamp"], df["disk_read_bytes"],  label="Read Bytes")
                              ~~^^^^^^^^^^^^^^^^^^^
  File "/home/samue/saaoe_project/venv/lib/python3.12/site-packages/pandas/core/frame.py", line 4107, in __getitem__
    indexer = self.columns.get_loc(key)
              ^^^^^^^^^^^^^^^^^^^^^^^^^
  File "/home/samue/saaoe_project/venv/lib/python3.12/site-packages/pandas/core/indexes/base.py", line 3819, in get_loc
    raise KeyError(key) from err
KeyError: 'disk_read_bytes'
Traceback (most recent call last):
  File "/home/samue/saaoe_project/venv/lib/python3.12/site-packages/pandas/core/indexes/base.py", line 3812, in get_loc
    return self._engine.get_loc(casted_key)
           ^^^^^^^^^^^^^^^^^^^^^^^^^^^^^^^^
  File "pandas/_libs/index.pyx", line 167, in pandas._libs.index.IndexEngine.get_loc
  File "pandas/_libs/index.pyx", line 196, in pandas._libs.index.IndexEngine.get_loc
  File "pandas/_libs/hashtable_class_helper.pxi", line 7088, in pandas._libs.hashtable.PyObjectHashTable.get_item
  File "pandas/_libs/hashtable_class_helper.pxi", line 7096, in pandas._libs.hashtable.PyObjectHashTable.get_item
KeyError: 'disk_read_bytes'

The above exception was the direct cause of the following exception:

Traceback (most recent call last):
  File "/home/samue/saaoe_project/src/visualize_logs.py", line 33, in <module>
    plt.plot(df["timestamp"], df["disk_read_bytes"],  label="Read Bytes")
                              ~~^^^^^^^^^^^^^^^^^^^
  File "/home/samue/saaoe_project/venv/lib/python3.12/site-packages/pandas/core/frame.py", line 4107, in __getitem__
    indexer = self.columns.get_loc(key)
              ^^^^^^^^^^^^^^^^^^^^^^^^^
  File "/home/samue/saaoe_project/venv/lib/python3.12/site-packages/pandas/core/indexes/base.py", line 3819, in get_loc
    raise KeyError(key) from err
KeyError: 'disk_read_bytes'
Traceback (most recent call last):
  File "/home/samue/saaoe_project/venv/lib/python3.12/site-packages/pandas/core/indexes/base.py", line 3812, in get_loc
    return self._engine.get_loc(casted_key)
           ^^^^^^^^^^^^^^^^^^^^^^^^^^^^^^^^
  File "pandas/_libs/index.pyx", line 167, in pandas._libs.index.IndexEngine.get_loc
  File "pandas/_libs/index.pyx", line 196, in pandas._libs.index.IndexEngine.get_loc
  File "pandas/_libs/hashtable_class_helper.pxi", line 7088, in pandas._libs.hashtable.PyObjectHashTable.get_item
  File "pandas/_libs/hashtable_class_helper.pxi", line 7096, in pandas._libs.hashtable.PyObjectHashTable.get_item
KeyError: 'disk_read_bytes'

The above exception was the direct cause of the following exception:

Traceback (most recent call last):
  File "/home/samue/saaoe_project/src/visualize_logs.py", line 33, in <module>
    plt.plot(df["timestamp"], df["disk_read_bytes"],  label="Read Bytes")
                              ~~^^^^^^^^^^^^^^^^^^^
  File "/home/samue/saaoe_project/venv/lib/python3.12/site-packages/pandas/core/frame.py", line 4107, in __getitem__
    indexer = self.columns.get_loc(key)
              ^^^^^^^^^^^^^^^^^^^^^^^^^
  File "/home/samue/saaoe_project/venv/lib/python3.12/site-packages/pandas/core/indexes/base.py", line 3819, in get_loc
    raise KeyError(key) from err
KeyError: 'disk_read_bytes'
Traceback (most recent call last):
  File "/home/samue/saaoe_project/venv/lib/python3.12/site-packages/pandas/core/indexes/base.py", line 3812, in get_loc
    return self._engine.get_loc(casted_key)
           ^^^^^^^^^^^^^^^^^^^^^^^^^^^^^^^^
  File "pandas/_libs/index.pyx", line 167, in pandas._libs.index.IndexEngine.get_loc
  File "pandas/_libs/index.pyx", line 196, in pandas._libs.index.IndexEngine.get_loc
  File "pandas/_libs/hashtable_class_helper.pxi", line 7088, in pandas._libs.hashtable.PyObjectHashTable.get_item
  File "pandas/_libs/hashtable_class_helper.pxi", line 7096, in pandas._libs.hashtable.PyObjectHashTable.get_item
KeyError: 'disk_read_bytes'

The above exception was the direct cause of the following exception:

Traceback (most recent call last):
  File "/home/samue/saaoe_project/src/visualize_logs.py", line 33, in <module>
    plt.plot(df["timestamp"], df["disk_read_bytes"],  label="Read Bytes")
                              ~~^^^^^^^^^^^^^^^^^^^
  File "/home/samue/saaoe_project/venv/lib/python3.12/site-packages/pandas/core/frame.py", line 4107, in __getitem__
    indexer = self.columns.get_loc(key)
              ^^^^^^^^^^^^^^^^^^^^^^^^^
  File "/home/samue/saaoe_project/venv/lib/python3.12/site-packages/pandas/core/indexes/base.py", line 3819, in get_loc
    raise KeyError(key) from err
KeyError: 'disk_read_bytes'
Traceback (most recent call last):
  File "/home/samue/saaoe_project/venv/lib/python3.12/site-packages/pandas/core/indexes/base.py", line 3812, in get_loc
    return self._engine.get_loc(casted_key)
           ^^^^^^^^^^^^^^^^^^^^^^^^^^^^^^^^
  File "pandas/_libs/index.pyx", line 167, in pandas._libs.index.IndexEngine.get_loc
  File "pandas/_libs/index.pyx", line 196, in pandas._libs.index.IndexEngine.get_loc
  File "pandas/_libs/hashtable_class_helper.pxi", line 7088, in pandas._libs.hashtable.PyObjectHashTable.get_item
  File "pandas/_libs/hashtable_class_helper.pxi", line 7096, in pandas._libs.hashtable.PyObjectHashTable.get_item
KeyError: 'disk_read_bytes'

The above exception was the direct cause of the following exception:

Traceback (most recent call last):
  File "/home/samue/saaoe_project/src/visualize_logs.py", line 33, in <module>
    plt.plot(df["timestamp"], df["disk_read_bytes"],  label="Read Bytes")
                              ~~^^^^^^^^^^^^^^^^^^^
  File "/home/samue/saaoe_project/venv/lib/python3.12/site-packages/pandas/core/frame.py", line 4107, in __getitem__
    indexer = self.columns.get_loc(key)
              ^^^^^^^^^^^^^^^^^^^^^^^^^
  File "/home/samue/saaoe_project/venv/lib/python3.12/site-packages/pandas/core/indexes/base.py", line 3819, in get_loc
    raise KeyError(key) from err
KeyError: 'disk_read_bytes'
Traceback (most recent call last):
  File "/home/samue/saaoe_project/venv/lib/python3.12/site-packages/pandas/core/indexes/base.py", line 3812, in get_loc
    return self._engine.get_loc(casted_key)
           ^^^^^^^^^^^^^^^^^^^^^^^^^^^^^^^^
  File "pandas/_libs/index.pyx", line 167, in pandas._libs.index.IndexEngine.get_loc
  File "pandas/_libs/index.pyx", line 196, in pandas._libs.index.IndexEngine.get_loc
  File "pandas/_libs/hashtable_class_helper.pxi", line 7088, in pandas._libs.hashtable.PyObjectHashTable.get_item
  File "pandas/_libs/hashtable_class_helper.pxi", line 7096, in pandas._libs.hashtable.PyObjectHashTable.get_item
KeyError: 'disk_read_bytes'

The above exception was the direct cause of the following exception:

Traceback (most recent call last):
  File "/home/samue/saaoe_project/src/visualize_logs.py", line 33, in <module>
    plt.plot(df["timestamp"], df["disk_read_bytes"],  label="Read Bytes")
                              ~~^^^^^^^^^^^^^^^^^^^
  File "/home/samue/saaoe_project/venv/lib/python3.12/site-packages/pandas/core/frame.py", line 4107, in __getitem__
    indexer = self.columns.get_loc(key)
              ^^^^^^^^^^^^^^^^^^^^^^^^^
  File "/home/samue/saaoe_project/venv/lib/python3.12/site-packages/pandas/core/indexes/base.py", line 3819, in get_loc
    raise KeyError(key) from err
KeyError: 'disk_read_bytes'
Traceback (most recent call last):
  File "/home/samue/saaoe_project/venv/lib/python3.12/site-packages/pandas/core/indexes/base.py", line 3812, in get_loc
    return self._engine.get_loc(casted_key)
           ^^^^^^^^^^^^^^^^^^^^^^^^^^^^^^^^
  File "pandas/_libs/index.pyx", line 167, in pandas._libs.index.IndexEngine.get_loc
  File "pandas/_libs/index.pyx", line 196, in pandas._libs.index.IndexEngine.get_loc
  File "pandas/_libs/hashtable_class_helper.pxi", line 7088, in pandas._libs.hashtable.PyObjectHashTable.get_item
  File "pandas/_libs/hashtable_class_helper.pxi", line 7096, in pandas._libs.hashtable.PyObjectHashTable.get_item
KeyError: 'disk_read_bytes'

The above exception was the direct cause of the following exception:

Traceback (most recent call last):
  File "/home/samue/saaoe_project/src/visualize_logs.py", line 33, in <module>
    plt.plot(df["timestamp"], df["disk_read_bytes"],  label="Read Bytes")
                              ~~^^^^^^^^^^^^^^^^^^^
  File "/home/samue/saaoe_project/venv/lib/python3.12/site-packages/pandas/core/frame.py", line 4107, in __getitem__
    indexer = self.columns.get_loc(key)
              ^^^^^^^^^^^^^^^^^^^^^^^^^
  File "/home/samue/saaoe_project/venv/lib/python3.12/site-packages/pandas/core/indexes/base.py", line 3819, in get_loc
    raise KeyError(key) from err
KeyError: 'disk_read_bytes'
Traceback (most recent call last):
  File "/home/samue/saaoe_project/venv/lib/python3.12/site-packages/pandas/core/indexes/base.py", line 3812, in get_loc
    return self._engine.get_loc(casted_key)
           ^^^^^^^^^^^^^^^^^^^^^^^^^^^^^^^^
  File "pandas/_libs/index.pyx", line 167, in pandas._libs.index.IndexEngine.get_loc
  File "pandas/_libs/index.pyx", line 196, in pandas._libs.index.IndexEngine.get_loc
  File "pandas/_libs/hashtable_class_helper.pxi", line 7088, in pandas._libs.hashtable.PyObjectHashTable.get_item
  File "pandas/_libs/hashtable_class_helper.pxi", line 7096, in pandas._libs.hashtable.PyObjectHashTable.get_item
KeyError: 'disk_read_bytes'

The above exception was the direct cause of the following exception:

Traceback (most recent call last):
  File "/home/samue/saaoe_project/src/visualize_logs.py", line 33, in <module>
    plt.plot(df["timestamp"], df["disk_read_bytes"],  label="Read Bytes")
                              ~~^^^^^^^^^^^^^^^^^^^
  File "/home/samue/saaoe_project/venv/lib/python3.12/site-packages/pandas/core/frame.py", line 4107, in __getitem__
    indexer = self.columns.get_loc(key)
              ^^^^^^^^^^^^^^^^^^^^^^^^^
  File "/home/samue/saaoe_project/venv/lib/python3.12/site-packages/pandas/core/indexes/base.py", line 3819, in get_loc
    raise KeyError(key) from err
KeyError: 'disk_read_bytes'
Traceback (most recent call last):
  File "/home/samue/saaoe_project/venv/lib/python3.12/site-packages/pandas/core/indexes/base.py", line 3812, in get_loc
    return self._engine.get_loc(casted_key)
           ^^^^^^^^^^^^^^^^^^^^^^^^^^^^^^^^
  File "pandas/_libs/index.pyx", line 167, in pandas._libs.index.IndexEngine.get_loc
  File "pandas/_libs/index.pyx", line 196, in pandas._libs.index.IndexEngine.get_loc
  File "pandas/_libs/hashtable_class_helper.pxi", line 7088, in pandas._libs.hashtable.PyObjectHashTable.get_item
  File "pandas/_libs/hashtable_class_helper.pxi", line 7096, in pandas._libs.hashtable.PyObjectHashTable.get_item
KeyError: 'disk_read_bytes'

The above exception was the direct cause of the following exception:

Traceback (most recent call last):
  File "/home/samue/saaoe_project/src/visualize_logs.py", line 33, in <module>
    plt.plot(df["timestamp"], df["disk_read_bytes"],  label="Read Bytes")
                              ~~^^^^^^^^^^^^^^^^^^^
  File "/home/samue/saaoe_project/venv/lib/python3.12/site-packages/pandas/core/frame.py", line 4107, in __getitem__
    indexer = self.columns.get_loc(key)
              ^^^^^^^^^^^^^^^^^^^^^^^^^
  File "/home/samue/saaoe_project/venv/lib/python3.12/site-packages/pandas/core/indexes/base.py", line 3819, in get_loc
    raise KeyError(key) from err
KeyError: 'disk_read_bytes'
Traceback (most recent call last):
  File "/home/samue/saaoe_project/venv/lib/python3.12/site-packages/pandas/core/indexes/base.py", line 3812, in get_loc
    return self._engine.get_loc(casted_key)
           ^^^^^^^^^^^^^^^^^^^^^^^^^^^^^^^^
  File "pandas/_libs/index.pyx", line 167, in pandas._libs.index.IndexEngine.get_loc
  File "pandas/_libs/index.pyx", line 196, in pandas._libs.index.IndexEngine.get_loc
  File "pandas/_libs/hashtable_class_helper.pxi", line 7088, in pandas._libs.hashtable.PyObjectHashTable.get_item
  File "pandas/_libs/hashtable_class_helper.pxi", line 7096, in pandas._libs.hashtable.PyObjectHashTable.get_item
KeyError: 'disk_read_bytes'

The above exception was the direct cause of the following exception:

Traceback (most recent call last):
  File "/home/samue/saaoe_project/src/visualize_logs.py", line 33, in <module>
    plt.plot(df["timestamp"], df["disk_read_bytes"],  label="Read Bytes")
                              ~~^^^^^^^^^^^^^^^^^^^
  File "/home/samue/saaoe_project/venv/lib/python3.12/site-packages/pandas/core/frame.py", line 4107, in __getitem__
    indexer = self.columns.get_loc(key)
              ^^^^^^^^^^^^^^^^^^^^^^^^^
  File "/home/samue/saaoe_project/venv/lib/python3.12/site-packages/pandas/core/indexes/base.py", line 3819, in get_loc
    raise KeyError(key) from err
KeyError: 'disk_read_bytes'
Traceback (most recent call last):
  File "/home/samue/saaoe_project/venv/lib/python3.12/site-packages/pandas/core/indexes/base.py", line 3812, in get_loc
    return self._engine.get_loc(casted_key)
           ^^^^^^^^^^^^^^^^^^^^^^^^^^^^^^^^
  File "pandas/_libs/index.pyx", line 167, in pandas._libs.index.IndexEngine.get_loc
  File "pandas/_libs/index.pyx", line 196, in pandas._libs.index.IndexEngine.get_loc
  File "pandas/_libs/hashtable_class_helper.pxi", line 7088, in pandas._libs.hashtable.PyObjectHashTable.get_item
  File "pandas/_libs/hashtable_class_helper.pxi", line 7096, in pandas._libs.hashtable.PyObjectHashTable.get_item
KeyError: 'disk_read_bytes'

The above exception was the direct cause of the following exception:

Traceback (most recent call last):
  File "/home/samue/saaoe_project/src/visualize_logs.py", line 33, in <module>
    plt.plot(df["timestamp"], df["disk_read_bytes"],  label="Read Bytes")
                              ~~^^^^^^^^^^^^^^^^^^^
  File "/home/samue/saaoe_project/venv/lib/python3.12/site-packages/pandas/core/frame.py", line 4107, in __getitem__
    indexer = self.columns.get_loc(key)
              ^^^^^^^^^^^^^^^^^^^^^^^^^
  File "/home/samue/saaoe_project/venv/lib/python3.12/site-packages/pandas/core/indexes/base.py", line 3819, in get_loc
    raise KeyError(key) from err
KeyError: 'disk_read_bytes'
Traceback (most recent call last):
  File "/home/samue/saaoe_project/venv/lib/python3.12/site-packages/pandas/core/indexes/base.py", line 3812, in get_loc
    return self._engine.get_loc(casted_key)
           ^^^^^^^^^^^^^^^^^^^^^^^^^^^^^^^^
  File "pandas/_libs/index.pyx", line 167, in pandas._libs.index.IndexEngine.get_loc
  File "pandas/_libs/index.pyx", line 196, in pandas._libs.index.IndexEngine.get_loc
  File "pandas/_libs/hashtable_class_helper.pxi", line 7088, in pandas._libs.hashtable.PyObjectHashTable.get_item
  File "pandas/_libs/hashtable_class_helper.pxi", line 7096, in pandas._libs.hashtable.PyObjectHashTable.get_item
KeyError: 'disk_read_bytes'

The above exception was the direct cause of the following exception:

Traceback (most recent call last):
  File "/home/samue/saaoe_project/src/visualize_logs.py", line 33, in <module>
    plt.plot(df["timestamp"], df["disk_read_bytes"],  label="Read Bytes")
                              ~~^^^^^^^^^^^^^^^^^^^
  File "/home/samue/saaoe_project/venv/lib/python3.12/site-packages/pandas/core/frame.py", line 4107, in __getitem__
    indexer = self.columns.get_loc(key)
              ^^^^^^^^^^^^^^^^^^^^^^^^^
  File "/home/samue/saaoe_project/venv/lib/python3.12/site-packages/pandas/core/indexes/base.py", line 3819, in get_loc
    raise KeyError(key) from err
KeyError: 'disk_read_bytes'
Traceback (most recent call last):
  File "/home/samue/saaoe_project/venv/lib/python3.12/site-packages/pandas/core/indexes/base.py", line 3812, in get_loc
    return self._engine.get_loc(casted_key)
           ^^^^^^^^^^^^^^^^^^^^^^^^^^^^^^^^
  File "pandas/_libs/index.pyx", line 167, in pandas._libs.index.IndexEngine.get_loc
  File "pandas/_libs/index.pyx", line 196, in pandas._libs.index.IndexEngine.get_loc
  File "pandas/_libs/hashtable_class_helper.pxi", line 7088, in pandas._libs.hashtable.PyObjectHashTable.get_item
  File "pandas/_libs/hashtable_class_helper.pxi", line 7096, in pandas._libs.hashtable.PyObjectHashTable.get_item
KeyError: 'disk_read_bytes'

The above exception was the direct cause of the following exception:

Traceback (most recent call last):
  File "/home/samue/saaoe_project/src/visualize_logs.py", line 33, in <module>
    plt.plot(df["timestamp"], df["disk_read_bytes"],  label="Read Bytes")
                              ~~^^^^^^^^^^^^^^^^^^^
  File "/home/samue/saaoe_project/venv/lib/python3.12/site-packages/pandas/core/frame.py", line 4107, in __getitem__
    indexer = self.columns.get_loc(key)
              ^^^^^^^^^^^^^^^^^^^^^^^^^
  File "/home/samue/saaoe_project/venv/lib/python3.12/site-packages/pandas/core/indexes/base.py", line 3819, in get_loc
    raise KeyError(key) from err
KeyError: 'disk_read_bytes'
Traceback (most recent call last):
  File "/home/samue/saaoe_project/venv/lib/python3.12/site-packages/pandas/core/indexes/base.py", line 3812, in get_loc
    return self._engine.get_loc(casted_key)
           ^^^^^^^^^^^^^^^^^^^^^^^^^^^^^^^^
  File "pandas/_libs/index.pyx", line 167, in pandas._libs.index.IndexEngine.get_loc
  File "pandas/_libs/index.pyx", line 196, in pandas._libs.index.IndexEngine.get_loc
  File "pandas/_libs/hashtable_class_helper.pxi", line 7088, in pandas._libs.hashtable.PyObjectHashTable.get_item
  File "pandas/_libs/hashtable_class_helper.pxi", line 7096, in pandas._libs.hashtable.PyObjectHashTable.get_item
KeyError: 'disk_read_bytes'

The above exception was the direct cause of the following exception:

Traceback (most recent call last):
  File "/home/samue/saaoe_project/src/visualize_logs.py", line 33, in <module>
    plt.plot(df["timestamp"], df["disk_read_bytes"],  label="Read Bytes")
                              ~~^^^^^^^^^^^^^^^^^^^
  File "/home/samue/saaoe_project/venv/lib/python3.12/site-packages/pandas/core/frame.py", line 4107, in __getitem__
    indexer = self.columns.get_loc(key)
              ^^^^^^^^^^^^^^^^^^^^^^^^^
  File "/home/samue/saaoe_project/venv/lib/python3.12/site-packages/pandas/core/indexes/base.py", line 3819, in get_loc
    raise KeyError(key) from err
KeyError: 'disk_read_bytes'
Traceback (most recent call last):
  File "/home/samue/saaoe_project/venv/lib/python3.12/site-packages/pandas/core/indexes/base.py", line 3812, in get_loc
    return self._engine.get_loc(casted_key)
           ^^^^^^^^^^^^^^^^^^^^^^^^^^^^^^^^
  File "pandas/_libs/index.pyx", line 167, in pandas._libs.index.IndexEngine.get_loc
  File "pandas/_libs/index.pyx", line 196, in pandas._libs.index.IndexEngine.get_loc
  File "pandas/_libs/hashtable_class_helper.pxi", line 7088, in pandas._libs.hashtable.PyObjectHashTable.get_item
  File "pandas/_libs/hashtable_class_helper.pxi", line 7096, in pandas._libs.hashtable.PyObjectHashTable.get_item
KeyError: 'disk_read_bytes'

The above exception was the direct cause of the following exception:

Traceback (most recent call last):
  File "/home/samue/saaoe_project/src/visualize_logs.py", line 33, in <module>
    plt.plot(df["timestamp"], df["disk_read_bytes"],  label="Read Bytes")
                              ~~^^^^^^^^^^^^^^^^^^^
  File "/home/samue/saaoe_project/venv/lib/python3.12/site-packages/pandas/core/frame.py", line 4107, in __getitem__
    indexer = self.columns.get_loc(key)
              ^^^^^^^^^^^^^^^^^^^^^^^^^
  File "/home/samue/saaoe_project/venv/lib/python3.12/site-packages/pandas/core/indexes/base.py", line 3819, in get_loc
    raise KeyError(key) from err
KeyError: 'disk_read_bytes'
Traceback (most recent call last):
  File "/home/samue/saaoe_project/venv/lib/python3.12/site-packages/pandas/core/indexes/base.py", line 3812, in get_loc
    return self._engine.get_loc(casted_key)
           ^^^^^^^^^^^^^^^^^^^^^^^^^^^^^^^^
  File "pandas/_libs/index.pyx", line 167, in pandas._libs.index.IndexEngine.get_loc
  File "pandas/_libs/index.pyx", line 196, in pandas._libs.index.IndexEngine.get_loc
  File "pandas/_libs/hashtable_class_helper.pxi", line 7088, in pandas._libs.hashtable.PyObjectHashTable.get_item
  File "pandas/_libs/hashtable_class_helper.pxi", line 7096, in pandas._libs.hashtable.PyObjectHashTable.get_item
KeyError: 'disk_read_bytes'

The above exception was the direct cause of the following exception:

Traceback (most recent call last):
  File "/home/samue/saaoe_project/src/visualize_logs.py", line 33, in <module>
    plt.plot(df["timestamp"], df["disk_read_bytes"],  label="Read Bytes")
                              ~~^^^^^^^^^^^^^^^^^^^
  File "/home/samue/saaoe_project/venv/lib/python3.12/site-packages/pandas/core/frame.py", line 4107, in __getitem__
    indexer = self.columns.get_loc(key)
              ^^^^^^^^^^^^^^^^^^^^^^^^^
  File "/home/samue/saaoe_project/venv/lib/python3.12/site-packages/pandas/core/indexes/base.py", line 3819, in get_loc
    raise KeyError(key) from err
KeyError: 'disk_read_bytes'
Traceback (most recent call last):
  File "/home/samue/saaoe_project/venv/lib/python3.12/site-packages/pandas/core/indexes/base.py", line 3812, in get_loc
    return self._engine.get_loc(casted_key)
           ^^^^^^^^^^^^^^^^^^^^^^^^^^^^^^^^
  File "pandas/_libs/index.pyx", line 167, in pandas._libs.index.IndexEngine.get_loc
  File "pandas/_libs/index.pyx", line 196, in pandas._libs.index.IndexEngine.get_loc
  File "pandas/_libs/hashtable_class_helper.pxi", line 7088, in pandas._libs.hashtable.PyObjectHashTable.get_item
  File "pandas/_libs/hashtable_class_helper.pxi", line 7096, in pandas._libs.hashtable.PyObjectHashTable.get_item
KeyError: 'disk_read_bytes'

The above exception was the direct cause of the following exception:

Traceback (most recent call last):
  File "/home/samue/saaoe_project/src/visualize_logs.py", line 33, in <module>
    plt.plot(df["timestamp"], df["disk_read_bytes"],  label="Read Bytes")
                              ~~^^^^^^^^^^^^^^^^^^^
  File "/home/samue/saaoe_project/venv/lib/python3.12/site-packages/pandas/core/frame.py", line 4107, in __getitem__
    indexer = self.columns.get_loc(key)
              ^^^^^^^^^^^^^^^^^^^^^^^^^
  File "/home/samue/saaoe_project/venv/lib/python3.12/site-packages/pandas/core/indexes/base.py", line 3819, in get_loc
    raise KeyError(key) from err
KeyError: 'disk_read_bytes'
Traceback (most recent call last):
  File "/home/samue/saaoe_project/venv/lib/python3.12/site-packages/pandas/core/indexes/base.py", line 3812, in get_loc
    return self._engine.get_loc(casted_key)
           ^^^^^^^^^^^^^^^^^^^^^^^^^^^^^^^^
  File "pandas/_libs/index.pyx", line 167, in pandas._libs.index.IndexEngine.get_loc
  File "pandas/_libs/index.pyx", line 196, in pandas._libs.index.IndexEngine.get_loc
  File "pandas/_libs/hashtable_class_helper.pxi", line 7088, in pandas._libs.hashtable.PyObjectHashTable.get_item
  File "pandas/_libs/hashtable_class_helper.pxi", line 7096, in pandas._libs.hashtable.PyObjectHashTable.get_item
KeyError: 'disk_read_bytes'

The above exception was the direct cause of the following exception:

Traceback (most recent call last):
  File "/home/samue/saaoe_project/src/visualize_logs.py", line 33, in <module>
    plt.plot(df["timestamp"], df["disk_read_bytes"],  label="Read Bytes")
                              ~~^^^^^^^^^^^^^^^^^^^
  File "/home/samue/saaoe_project/venv/lib/python3.12/site-packages/pandas/core/frame.py", line 4107, in __getitem__
    indexer = self.columns.get_loc(key)
              ^^^^^^^^^^^^^^^^^^^^^^^^^
  File "/home/samue/saaoe_project/venv/lib/python3.12/site-packages/pandas/core/indexes/base.py", line 3819, in get_loc
    raise KeyError(key) from err
KeyError: 'disk_read_bytes'
Traceback (most recent call last):
  File "/home/samue/saaoe_project/venv/lib/python3.12/site-packages/pandas/core/indexes/base.py", line 3812, in get_loc
    return self._engine.get_loc(casted_key)
           ^^^^^^^^^^^^^^^^^^^^^^^^^^^^^^^^
  File "pandas/_libs/index.pyx", line 167, in pandas._libs.index.IndexEngine.get_loc
  File "pandas/_libs/index.pyx", line 196, in pandas._libs.index.IndexEngine.get_loc
  File "pandas/_libs/hashtable_class_helper.pxi", line 7088, in pandas._libs.hashtable.PyObjectHashTable.get_item
  File "pandas/_libs/hashtable_class_helper.pxi", line 7096, in pandas._libs.hashtable.PyObjectHashTable.get_item
KeyError: 'disk_read_bytes'

The above exception was the direct cause of the following exception:

Traceback (most recent call last):
  File "/home/samue/saaoe_project/src/visualize_logs.py", line 33, in <module>
    plt.plot(df["timestamp"], df["disk_read_bytes"],  label="Read Bytes")
                              ~~^^^^^^^^^^^^^^^^^^^
  File "/home/samue/saaoe_project/venv/lib/python3.12/site-packages/pandas/core/frame.py", line 4107, in __getitem__
    indexer = self.columns.get_loc(key)
              ^^^^^^^^^^^^^^^^^^^^^^^^^
  File "/home/samue/saaoe_project/venv/lib/python3.12/site-packages/pandas/core/indexes/base.py", line 3819, in get_loc
    raise KeyError(key) from err
KeyError: 'disk_read_bytes'
Traceback (most recent call last):
  File "/home/samue/saaoe_project/venv/lib/python3.12/site-packages/pandas/core/indexes/base.py", line 3812, in get_loc
    return self._engine.get_loc(casted_key)
           ^^^^^^^^^^^^^^^^^^^^^^^^^^^^^^^^
  File "pandas/_libs/index.pyx", line 167, in pandas._libs.index.IndexEngine.get_loc
  File "pandas/_libs/index.pyx", line 196, in pandas._libs.index.IndexEngine.get_loc
  File "pandas/_libs/hashtable_class_helper.pxi", line 7088, in pandas._libs.hashtable.PyObjectHashTable.get_item
  File "pandas/_libs/hashtable_class_helper.pxi", line 7096, in pandas._libs.hashtable.PyObjectHashTable.get_item
KeyError: 'disk_read_bytes'

The above exception was the direct cause of the following exception:

Traceback (most recent call last):
  File "/home/samue/saaoe_project/src/visualize_logs.py", line 33, in <module>
    plt.plot(df["timestamp"], df["disk_read_bytes"],  label="Read Bytes")
                              ~~^^^^^^^^^^^^^^^^^^^
  File "/home/samue/saaoe_project/venv/lib/python3.12/site-packages/pandas/core/frame.py", line 4107, in __getitem__
    indexer = self.columns.get_loc(key)
              ^^^^^^^^^^^^^^^^^^^^^^^^^
  File "/home/samue/saaoe_project/venv/lib/python3.12/site-packages/pandas/core/indexes/base.py", line 3819, in get_loc
    raise KeyError(key) from err
KeyError: 'disk_read_bytes'
Traceback (most recent call last):
  File "/home/samue/saaoe_project/venv/lib/python3.12/site-packages/pandas/core/indexes/base.py", line 3812, in get_loc
    return self._engine.get_loc(casted_key)
           ^^^^^^^^^^^^^^^^^^^^^^^^^^^^^^^^
  File "pandas/_libs/index.pyx", line 167, in pandas._libs.index.IndexEngine.get_loc
  File "pandas/_libs/index.pyx", line 196, in pandas._libs.index.IndexEngine.get_loc
  File "pandas/_libs/hashtable_class_helper.pxi", line 7088, in pandas._libs.hashtable.PyObjectHashTable.get_item
  File "pandas/_libs/hashtable_class_helper.pxi", line 7096, in pandas._libs.hashtable.PyObjectHashTable.get_item
KeyError: 'disk_read_bytes'

The above exception was the direct cause of the following exception:

Traceback (most recent call last):
  File "/home/samue/saaoe_project/src/visualize_logs.py", line 33, in <module>
    plt.plot(df["timestamp"], df["disk_read_bytes"],  label="Read Bytes")
                              ~~^^^^^^^^^^^^^^^^^^^
  File "/home/samue/saaoe_project/venv/lib/python3.12/site-packages/pandas/core/frame.py", line 4107, in __getitem__
    indexer = self.columns.get_loc(key)
              ^^^^^^^^^^^^^^^^^^^^^^^^^
  File "/home/samue/saaoe_project/venv/lib/python3.12/site-packages/pandas/core/indexes/base.py", line 3819, in get_loc
    raise KeyError(key) from err
KeyError: 'disk_read_bytes'
Traceback (most recent call last):
  File "/home/samue/saaoe_project/venv/lib/python3.12/site-packages/pandas/core/indexes/base.py", line 3812, in get_loc
    return self._engine.get_loc(casted_key)
           ^^^^^^^^^^^^^^^^^^^^^^^^^^^^^^^^
  File "pandas/_libs/index.pyx", line 167, in pandas._libs.index.IndexEngine.get_loc
  File "pandas/_libs/index.pyx", line 196, in pandas._libs.index.IndexEngine.get_loc
  File "pandas/_libs/hashtable_class_helper.pxi", line 7088, in pandas._libs.hashtable.PyObjectHashTable.get_item
  File "pandas/_libs/hashtable_class_helper.pxi", line 7096, in pandas._libs.hashtable.PyObjectHashTable.get_item
KeyError: 'disk_read_bytes'

The above exception was the direct cause of the following exception:

Traceback (most recent call last):
  File "/home/samue/saaoe_project/src/visualize_logs.py", line 33, in <module>
    plt.plot(df["timestamp"], df["disk_read_bytes"],  label="Read Bytes")
                              ~~^^^^^^^^^^^^^^^^^^^
  File "/home/samue/saaoe_project/venv/lib/python3.12/site-packages/pandas/core/frame.py", line 4107, in __getitem__
    indexer = self.columns.get_loc(key)
              ^^^^^^^^^^^^^^^^^^^^^^^^^
  File "/home/samue/saaoe_project/venv/lib/python3.12/site-packages/pandas/core/indexes/base.py", line 3819, in get_loc
    raise KeyError(key) from err
KeyError: 'disk_read_bytes'
Traceback (most recent call last):
  File "/home/samue/saaoe_project/src/visualize_logs.py", line 13, in <module>
    df = pd.read_csv(LOG_PATH, parse_dates=["timestamp"])
         ^^^^^^^^^^^^^^^^^^^^^^^^^^^^^^^^^^^^^^^^^^^^^^^^
  File "/home/samue/saaoe_project/venv/lib/python3.12/site-packages/pandas/io/parsers/readers.py", line 1026, in read_csv
    return _read(filepath_or_buffer, kwds)
           ^^^^^^^^^^^^^^^^^^^^^^^^^^^^^^^
  File "/home/samue/saaoe_project/venv/lib/python3.12/site-packages/pandas/io/parsers/readers.py", line 626, in _read
    return parser.read(nrows)
           ^^^^^^^^^^^^^^^^^^
  File "/home/samue/saaoe_project/venv/lib/python3.12/site-packages/pandas/io/parsers/readers.py", line 1923, in read
    ) = self._engine.read(  # type: ignore[attr-defined]
        ^^^^^^^^^^^^^^^^^^^^^^^^^^^^^^^^^^^^^^^^^^^^^^^^
  File "/home/samue/saaoe_project/venv/lib/python3.12/site-packages/pandas/io/parsers/c_parser_wrapper.py", line 234, in read
    chunks = self._reader.read_low_memory(nrows)
             ^^^^^^^^^^^^^^^^^^^^^^^^^^^^^^^^^^^
  File "pandas/_libs/parsers.pyx", line 838, in pandas._libs.parsers.TextReader.read_low_memory
  File "pandas/_libs/parsers.pyx", line 905, in pandas._libs.parsers.TextReader._read_rows
  File "pandas/_libs/parsers.pyx", line 874, in pandas._libs.parsers.TextReader._tokenize_rows
  File "pandas/_libs/parsers.pyx", line 891, in pandas._libs.parsers.TextReader._check_tokenize_status
  File "pandas/_libs/parsers.pyx", line 2061, in pandas._libs.parsers.raise_parser_error
pandas.errors.ParserError: Error tokenizing data. C error: Expected 4 fields in line 18, saw 8

Traceback (most recent call last):
  File "/home/samue/saaoe_project/src/visualize_logs.py", line 13, in <module>
    df = pd.read_csv(LOG_PATH, parse_dates=["timestamp"])
         ^^^^^^^^^^^^^^^^^^^^^^^^^^^^^^^^^^^^^^^^^^^^^^^^
  File "/home/samue/saaoe_project/venv/lib/python3.12/site-packages/pandas/io/parsers/readers.py", line 1026, in read_csv
    return _read(filepath_or_buffer, kwds)
           ^^^^^^^^^^^^^^^^^^^^^^^^^^^^^^^
  File "/home/samue/saaoe_project/venv/lib/python3.12/site-packages/pandas/io/parsers/readers.py", line 626, in _read
    return parser.read(nrows)
           ^^^^^^^^^^^^^^^^^^
  File "/home/samue/saaoe_project/venv/lib/python3.12/site-packages/pandas/io/parsers/readers.py", line 1923, in read
    ) = self._engine.read(  # type: ignore[attr-defined]
        ^^^^^^^^^^^^^^^^^^^^^^^^^^^^^^^^^^^^^^^^^^^^^^^^
  File "/home/samue/saaoe_project/venv/lib/python3.12/site-packages/pandas/io/parsers/c_parser_wrapper.py", line 234, in read
    chunks = self._reader.read_low_memory(nrows)
             ^^^^^^^^^^^^^^^^^^^^^^^^^^^^^^^^^^^
  File "pandas/_libs/parsers.pyx", line 838, in pandas._libs.parsers.TextReader.read_low_memory
  File "pandas/_libs/parsers.pyx", line 905, in pandas._libs.parsers.TextReader._read_rows
  File "pandas/_libs/parsers.pyx", line 874, in pandas._libs.parsers.TextReader._tokenize_rows
  File "pandas/_libs/parsers.pyx", line 891, in pandas._libs.parsers.TextReader._check_tokenize_status
  File "pandas/_libs/parsers.pyx", line 2061, in pandas._libs.parsers.raise_parser_error
pandas.errors.ParserError: Error tokenizing data. C error: Expected 4 fields in line 18, saw 8

Traceback (most recent call last):
  File "/home/samue/saaoe_project/src/visualize_logs.py", line 13, in <module>
    df = pd.read_csv(LOG_PATH, parse_dates=["timestamp"])
         ^^^^^^^^^^^^^^^^^^^^^^^^^^^^^^^^^^^^^^^^^^^^^^^^
  File "/home/samue/saaoe_project/venv/lib/python3.12/site-packages/pandas/io/parsers/readers.py", line 1026, in read_csv
    return _read(filepath_or_buffer, kwds)
           ^^^^^^^^^^^^^^^^^^^^^^^^^^^^^^^
  File "/home/samue/saaoe_project/venv/lib/python3.12/site-packages/pandas/io/parsers/readers.py", line 626, in _read
    return parser.read(nrows)
           ^^^^^^^^^^^^^^^^^^
  File "/home/samue/saaoe_project/venv/lib/python3.12/site-packages/pandas/io/parsers/readers.py", line 1923, in read
    ) = self._engine.read(  # type: ignore[attr-defined]
        ^^^^^^^^^^^^^^^^^^^^^^^^^^^^^^^^^^^^^^^^^^^^^^^^
  File "/home/samue/saaoe_project/venv/lib/python3.12/site-packages/pandas/io/parsers/c_parser_wrapper.py", line 234, in read
    chunks = self._reader.read_low_memory(nrows)
             ^^^^^^^^^^^^^^^^^^^^^^^^^^^^^^^^^^^
  File "pandas/_libs/parsers.pyx", line 838, in pandas._libs.parsers.TextReader.read_low_memory
  File "pandas/_libs/parsers.pyx", line 905, in pandas._libs.parsers.TextReader._read_rows
  File "pandas/_libs/parsers.pyx", line 874, in pandas._libs.parsers.TextReader._tokenize_rows
  File "pandas/_libs/parsers.pyx", line 891, in pandas._libs.parsers.TextReader._check_tokenize_status
  File "pandas/_libs/parsers.pyx", line 2061, in pandas._libs.parsers.raise_parser_error
pandas.errors.ParserError: Error tokenizing data. C error: Expected 4 fields in line 18, saw 8

Traceback (most recent call last):
  File "/home/samue/saaoe_project/src/visualize_logs.py", line 13, in <module>
    df = pd.read_csv(LOG_PATH, parse_dates=["timestamp"])
         ^^^^^^^^^^^^^^^^^^^^^^^^^^^^^^^^^^^^^^^^^^^^^^^^
  File "/home/samue/saaoe_project/venv/lib/python3.12/site-packages/pandas/io/parsers/readers.py", line 1026, in read_csv
    return _read(filepath_or_buffer, kwds)
           ^^^^^^^^^^^^^^^^^^^^^^^^^^^^^^^
  File "/home/samue/saaoe_project/venv/lib/python3.12/site-packages/pandas/io/parsers/readers.py", line 626, in _read
    return parser.read(nrows)
           ^^^^^^^^^^^^^^^^^^
  File "/home/samue/saaoe_project/venv/lib/python3.12/site-packages/pandas/io/parsers/readers.py", line 1923, in read
    ) = self._engine.read(  # type: ignore[attr-defined]
        ^^^^^^^^^^^^^^^^^^^^^^^^^^^^^^^^^^^^^^^^^^^^^^^^
  File "/home/samue/saaoe_project/venv/lib/python3.12/site-packages/pandas/io/parsers/c_parser_wrapper.py", line 234, in read
    chunks = self._reader.read_low_memory(nrows)
             ^^^^^^^^^^^^^^^^^^^^^^^^^^^^^^^^^^^
  File "pandas/_libs/parsers.pyx", line 838, in pandas._libs.parsers.TextReader.read_low_memory
  File "pandas/_libs/parsers.pyx", line 905, in pandas._libs.parsers.TextReader._read_rows
  File "pandas/_libs/parsers.pyx", line 874, in pandas._libs.parsers.TextReader._tokenize_rows
  File "pandas/_libs/parsers.pyx", line 891, in pandas._libs.parsers.TextReader._check_tokenize_status
  File "pandas/_libs/parsers.pyx", line 2061, in pandas._libs.parsers.raise_parser_error
pandas.errors.ParserError: Error tokenizing data. C error: Expected 4 fields in line 18, saw 8

Traceback (most recent call last):
  File "/home/samue/saaoe_project/src/visualize_logs.py", line 13, in <module>
    df = pd.read_csv(LOG_PATH, parse_dates=["timestamp"])
         ^^^^^^^^^^^^^^^^^^^^^^^^^^^^^^^^^^^^^^^^^^^^^^^^
  File "/home/samue/saaoe_project/venv/lib/python3.12/site-packages/pandas/io/parsers/readers.py", line 1026, in read_csv
    return _read(filepath_or_buffer, kwds)
           ^^^^^^^^^^^^^^^^^^^^^^^^^^^^^^^
  File "/home/samue/saaoe_project/venv/lib/python3.12/site-packages/pandas/io/parsers/readers.py", line 626, in _read
    return parser.read(nrows)
           ^^^^^^^^^^^^^^^^^^
  File "/home/samue/saaoe_project/venv/lib/python3.12/site-packages/pandas/io/parsers/readers.py", line 1923, in read
    ) = self._engine.read(  # type: ignore[attr-defined]
        ^^^^^^^^^^^^^^^^^^^^^^^^^^^^^^^^^^^^^^^^^^^^^^^^
  File "/home/samue/saaoe_project/venv/lib/python3.12/site-packages/pandas/io/parsers/c_parser_wrapper.py", line 234, in read
    chunks = self._reader.read_low_memory(nrows)
             ^^^^^^^^^^^^^^^^^^^^^^^^^^^^^^^^^^^
  File "pandas/_libs/parsers.pyx", line 838, in pandas._libs.parsers.TextReader.read_low_memory
  File "pandas/_libs/parsers.pyx", line 905, in pandas._libs.parsers.TextReader._read_rows
  File "pandas/_libs/parsers.pyx", line 874, in pandas._libs.parsers.TextReader._tokenize_rows
  File "pandas/_libs/parsers.pyx", line 891, in pandas._libs.parsers.TextReader._check_tokenize_status
  File "pandas/_libs/parsers.pyx", line 2061, in pandas._libs.parsers.raise_parser_error
pandas.errors.ParserError: Error tokenizing data. C error: Expected 4 fields in line 18, saw 8

Traceback (most recent call last):
  File "/home/samue/saaoe_project/src/visualize_logs.py", line 13, in <module>
    df = pd.read_csv(LOG_PATH, parse_dates=["timestamp"])
         ^^^^^^^^^^^^^^^^^^^^^^^^^^^^^^^^^^^^^^^^^^^^^^^^
  File "/home/samue/saaoe_project/venv/lib/python3.12/site-packages/pandas/io/parsers/readers.py", line 1026, in read_csv
    return _read(filepath_or_buffer, kwds)
           ^^^^^^^^^^^^^^^^^^^^^^^^^^^^^^^
  File "/home/samue/saaoe_project/venv/lib/python3.12/site-packages/pandas/io/parsers/readers.py", line 626, in _read
    return parser.read(nrows)
           ^^^^^^^^^^^^^^^^^^
  File "/home/samue/saaoe_project/venv/lib/python3.12/site-packages/pandas/io/parsers/readers.py", line 1923, in read
    ) = self._engine.read(  # type: ignore[attr-defined]
        ^^^^^^^^^^^^^^^^^^^^^^^^^^^^^^^^^^^^^^^^^^^^^^^^
  File "/home/samue/saaoe_project/venv/lib/python3.12/site-packages/pandas/io/parsers/c_parser_wrapper.py", line 234, in read
    chunks = self._reader.read_low_memory(nrows)
             ^^^^^^^^^^^^^^^^^^^^^^^^^^^^^^^^^^^
  File "pandas/_libs/parsers.pyx", line 838, in pandas._libs.parsers.TextReader.read_low_memory
  File "pandas/_libs/parsers.pyx", line 905, in pandas._libs.parsers.TextReader._read_rows
  File "pandas/_libs/parsers.pyx", line 874, in pandas._libs.parsers.TextReader._tokenize_rows
  File "pandas/_libs/parsers.pyx", line 891, in pandas._libs.parsers.TextReader._check_tokenize_status
  File "pandas/_libs/parsers.pyx", line 2061, in pandas._libs.parsers.raise_parser_error
pandas.errors.ParserError: Error tokenizing data. C error: Expected 4 fields in line 18, saw 8

Traceback (most recent call last):
  File "/home/samue/saaoe_project/src/visualize_logs.py", line 13, in <module>
    df = pd.read_csv(LOG_PATH, parse_dates=["timestamp"])
         ^^^^^^^^^^^^^^^^^^^^^^^^^^^^^^^^^^^^^^^^^^^^^^^^
  File "/home/samue/saaoe_project/venv/lib/python3.12/site-packages/pandas/io/parsers/readers.py", line 1026, in read_csv
    return _read(filepath_or_buffer, kwds)
           ^^^^^^^^^^^^^^^^^^^^^^^^^^^^^^^
  File "/home/samue/saaoe_project/venv/lib/python3.12/site-packages/pandas/io/parsers/readers.py", line 626, in _read
    return parser.read(nrows)
           ^^^^^^^^^^^^^^^^^^
  File "/home/samue/saaoe_project/venv/lib/python3.12/site-packages/pandas/io/parsers/readers.py", line 1923, in read
    ) = self._engine.read(  # type: ignore[attr-defined]
        ^^^^^^^^^^^^^^^^^^^^^^^^^^^^^^^^^^^^^^^^^^^^^^^^
  File "/home/samue/saaoe_project/venv/lib/python3.12/site-packages/pandas/io/parsers/c_parser_wrapper.py", line 234, in read
    chunks = self._reader.read_low_memory(nrows)
             ^^^^^^^^^^^^^^^^^^^^^^^^^^^^^^^^^^^
  File "pandas/_libs/parsers.pyx", line 838, in pandas._libs.parsers.TextReader.read_low_memory
  File "pandas/_libs/parsers.pyx", line 905, in pandas._libs.parsers.TextReader._read_rows
  File "pandas/_libs/parsers.pyx", line 874, in pandas._libs.parsers.TextReader._tokenize_rows
  File "pandas/_libs/parsers.pyx", line 891, in pandas._libs.parsers.TextReader._check_tokenize_status
  File "pandas/_libs/parsers.pyx", line 2061, in pandas._libs.parsers.raise_parser_error
pandas.errors.ParserError: Error tokenizing data. C error: Expected 4 fields in line 18, saw 8

Traceback (most recent call last):
  File "/home/samue/saaoe_project/src/visualize_logs.py", line 13, in <module>
    df = pd.read_csv(LOG_PATH, parse_dates=["timestamp"])
         ^^^^^^^^^^^^^^^^^^^^^^^^^^^^^^^^^^^^^^^^^^^^^^^^
  File "/home/samue/saaoe_project/venv/lib/python3.12/site-packages/pandas/io/parsers/readers.py", line 1026, in read_csv
    return _read(filepath_or_buffer, kwds)
           ^^^^^^^^^^^^^^^^^^^^^^^^^^^^^^^
  File "/home/samue/saaoe_project/venv/lib/python3.12/site-packages/pandas/io/parsers/readers.py", line 626, in _read
    return parser.read(nrows)
           ^^^^^^^^^^^^^^^^^^
  File "/home/samue/saaoe_project/venv/lib/python3.12/site-packages/pandas/io/parsers/readers.py", line 1923, in read
    ) = self._engine.read(  # type: ignore[attr-defined]
        ^^^^^^^^^^^^^^^^^^^^^^^^^^^^^^^^^^^^^^^^^^^^^^^^
  File "/home/samue/saaoe_project/venv/lib/python3.12/site-packages/pandas/io/parsers/c_parser_wrapper.py", line 234, in read
    chunks = self._reader.read_low_memory(nrows)
             ^^^^^^^^^^^^^^^^^^^^^^^^^^^^^^^^^^^
  File "pandas/_libs/parsers.pyx", line 838, in pandas._libs.parsers.TextReader.read_low_memory
  File "pandas/_libs/parsers.pyx", line 905, in pandas._libs.parsers.TextReader._read_rows
  File "pandas/_libs/parsers.pyx", line 874, in pandas._libs.parsers.TextReader._tokenize_rows
  File "pandas/_libs/parsers.pyx", line 891, in pandas._libs.parsers.TextReader._check_tokenize_status
  File "pandas/_libs/parsers.pyx", line 2061, in pandas._libs.parsers.raise_parser_error
pandas.errors.ParserError: Error tokenizing data. C error: Expected 4 fields in line 18, saw 8

Traceback (most recent call last):
  File "/home/samue/saaoe_project/src/visualize_logs.py", line 13, in <module>
    df = pd.read_csv(LOG_PATH, parse_dates=["timestamp"])
         ^^^^^^^^^^^^^^^^^^^^^^^^^^^^^^^^^^^^^^^^^^^^^^^^
  File "/home/samue/saaoe_project/venv/lib/python3.12/site-packages/pandas/io/parsers/readers.py", line 1026, in read_csv
    return _read(filepath_or_buffer, kwds)
           ^^^^^^^^^^^^^^^^^^^^^^^^^^^^^^^
  File "/home/samue/saaoe_project/venv/lib/python3.12/site-packages/pandas/io/parsers/readers.py", line 626, in _read
    return parser.read(nrows)
           ^^^^^^^^^^^^^^^^^^
  File "/home/samue/saaoe_project/venv/lib/python3.12/site-packages/pandas/io/parsers/readers.py", line 1923, in read
    ) = self._engine.read(  # type: ignore[attr-defined]
        ^^^^^^^^^^^^^^^^^^^^^^^^^^^^^^^^^^^^^^^^^^^^^^^^
  File "/home/samue/saaoe_project/venv/lib/python3.12/site-packages/pandas/io/parsers/c_parser_wrapper.py", line 234, in read
    chunks = self._reader.read_low_memory(nrows)
             ^^^^^^^^^^^^^^^^^^^^^^^^^^^^^^^^^^^
  File "pandas/_libs/parsers.pyx", line 838, in pandas._libs.parsers.TextReader.read_low_memory
  File "pandas/_libs/parsers.pyx", line 905, in pandas._libs.parsers.TextReader._read_rows
  File "pandas/_libs/parsers.pyx", line 874, in pandas._libs.parsers.TextReader._tokenize_rows
  File "pandas/_libs/parsers.pyx", line 891, in pandas._libs.parsers.TextReader._check_tokenize_status
  File "pandas/_libs/parsers.pyx", line 2061, in pandas._libs.parsers.raise_parser_error
pandas.errors.ParserError: Error tokenizing data. C error: Expected 4 fields in line 18, saw 8

Traceback (most recent call last):
  File "/home/samue/saaoe_project/src/visualize_logs.py", line 13, in <module>
    df = pd.read_csv(LOG_PATH, parse_dates=["timestamp"])
         ^^^^^^^^^^^^^^^^^^^^^^^^^^^^^^^^^^^^^^^^^^^^^^^^
  File "/home/samue/saaoe_project/venv/lib/python3.12/site-packages/pandas/io/parsers/readers.py", line 1026, in read_csv
    return _read(filepath_or_buffer, kwds)
           ^^^^^^^^^^^^^^^^^^^^^^^^^^^^^^^
  File "/home/samue/saaoe_project/venv/lib/python3.12/site-packages/pandas/io/parsers/readers.py", line 626, in _read
    return parser.read(nrows)
           ^^^^^^^^^^^^^^^^^^
  File "/home/samue/saaoe_project/venv/lib/python3.12/site-packages/pandas/io/parsers/readers.py", line 1923, in read
    ) = self._engine.read(  # type: ignore[attr-defined]
        ^^^^^^^^^^^^^^^^^^^^^^^^^^^^^^^^^^^^^^^^^^^^^^^^
  File "/home/samue/saaoe_project/venv/lib/python3.12/site-packages/pandas/io/parsers/c_parser_wrapper.py", line 234, in read
    chunks = self._reader.read_low_memory(nrows)
             ^^^^^^^^^^^^^^^^^^^^^^^^^^^^^^^^^^^
  File "pandas/_libs/parsers.pyx", line 838, in pandas._libs.parsers.TextReader.read_low_memory
  File "pandas/_libs/parsers.pyx", line 905, in pandas._libs.parsers.TextReader._read_rows
  File "pandas/_libs/parsers.pyx", line 874, in pandas._libs.parsers.TextReader._tokenize_rows
  File "pandas/_libs/parsers.pyx", line 891, in pandas._libs.parsers.TextReader._check_tokenize_status
  File "pandas/_libs/parsers.pyx", line 2061, in pandas._libs.parsers.raise_parser_error
pandas.errors.ParserError: Error tokenizing data. C error: Expected 4 fields in line 18, saw 8

Traceback (most recent call last):
  File "/home/samue/saaoe_project/src/visualize_logs.py", line 13, in <module>
    df = pd.read_csv(LOG_PATH, parse_dates=["timestamp"])
         ^^^^^^^^^^^^^^^^^^^^^^^^^^^^^^^^^^^^^^^^^^^^^^^^
  File "/home/samue/saaoe_project/venv/lib/python3.12/site-packages/pandas/io/parsers/readers.py", line 1026, in read_csv
    return _read(filepath_or_buffer, kwds)
           ^^^^^^^^^^^^^^^^^^^^^^^^^^^^^^^
  File "/home/samue/saaoe_project/venv/lib/python3.12/site-packages/pandas/io/parsers/readers.py", line 626, in _read
    return parser.read(nrows)
           ^^^^^^^^^^^^^^^^^^
  File "/home/samue/saaoe_project/venv/lib/python3.12/site-packages/pandas/io/parsers/readers.py", line 1923, in read
    ) = self._engine.read(  # type: ignore[attr-defined]
        ^^^^^^^^^^^^^^^^^^^^^^^^^^^^^^^^^^^^^^^^^^^^^^^^
  File "/home/samue/saaoe_project/venv/lib/python3.12/site-packages/pandas/io/parsers/c_parser_wrapper.py", line 234, in read
    chunks = self._reader.read_low_memory(nrows)
             ^^^^^^^^^^^^^^^^^^^^^^^^^^^^^^^^^^^
  File "pandas/_libs/parsers.pyx", line 838, in pandas._libs.parsers.TextReader.read_low_memory
  File "pandas/_libs/parsers.pyx", line 905, in pandas._libs.parsers.TextReader._read_rows
  File "pandas/_libs/parsers.pyx", line 874, in pandas._libs.parsers.TextReader._tokenize_rows
  File "pandas/_libs/parsers.pyx", line 891, in pandas._libs.parsers.TextReader._check_tokenize_status
  File "pandas/_libs/parsers.pyx", line 2061, in pandas._libs.parsers.raise_parser_error
pandas.errors.ParserError: Error tokenizing data. C error: Expected 4 fields in line 18, saw 8

